0 verbose cli C:\Program Files\nodejs\node.exe C:\Program Files\nodejs\node_modules\npm\bin\npm-cli.js
1 info using npm@10.9.2
2 info using node@v22.14.0
3 silly config load:file:C:\Program Files\nodejs\node_modules\npm\npmrc
4 silly config load:file:C:\Users\wisdo\OneDrive\Desktop\codex_projects\BreachVector\.npmrc
5 silly config load:file:C:\Users\wisdo\.npmrc
6 silly config load:file:C:\Users\wisdo\AppData\Roaming\npm\etc\npmrc
7 verbose title npm install pdf-lib
8 verbose argv "install" "pdf-lib" "--cache" ".npm-cache" "--ignore-scripts"
9 verbose logfile logs-max:10 dir:C:\Users\wisdo\OneDrive\Desktop\codex_projects\BreachVector\.npm-cache\_logs\2026-03-28T01_40_20_761Z-
10 verbose logfile C:\Users\wisdo\OneDrive\Desktop\codex_projects\BreachVector\.npm-cache\_logs\2026-03-28T01_40_20_761Z-debug-0.log
11 silly logfile done cleaning log files
12 silly packumentCache heap:4345298944 maxSize:1086324736 maxEntrySize:543162368
13 silly idealTree buildDeps
14 silly fetch manifest pdf-lib@*
15 silly packumentCache full:https://registry.npmjs.org/pdf-lib cache-miss
16 http fetch GET 200 https://registry.npmjs.org/pdf-lib 507ms (cache miss)
17 silly packumentCache full:https://registry.npmjs.org/pdf-lib set size:undefined disposed:false
18 silly placeDep ROOT pdf-lib@1.17.1 OK for: breachvector@0.1.0 want: *
19 silly fetch manifest @pdf-lib/standard-fonts@^1.0.0
20 silly packumentCache full:https://registry.npmjs.org/@pdf-lib%2fstandard-fonts cache-miss
21 silly fetch manifest @pdf-lib/upng@^1.0.1
22 silly packumentCache full:https://registry.npmjs.org/@pdf-lib%2fupng cache-miss
23 silly fetch manifest pako@^1.0.11
24 silly packumentCache full:https://registry.npmjs.org/pako cache-miss
25 silly fetch manifest tslib@^1.11.1
26 silly packumentCache full:https://registry.npmjs.org/tslib cache-miss
27 http fetch GET 200 https://registry.npmjs.org/@pdf-lib%2fstandard-fonts 66ms (cache miss)
28 silly packumentCache full:https://registry.npmjs.org/@pdf-lib%2fstandard-fonts set size:undefined disposed:false
29 http fetch GET 200 https://registry.npmjs.org/pako 136ms (cache miss)
30 silly packumentCache full:https://registry.npmjs.org/pako set size:undefined disposed:false
31 http fetch GET 200 https://registry.npmjs.org/@pdf-lib%2fupng 138ms (cache miss)
32 silly packumentCache full:https://registry.npmjs.org/@pdf-lib%2fupng set size:undefined disposed:false
33 http fetch GET 200 https://registry.npmjs.org/tslib 157ms (cache revalidated)
34 silly packumentCache full:https://registry.npmjs.org/tslib set size:108760 disposed:false
35 silly placeDep ROOT @pdf-lib/standard-fonts@1.0.0 OK for: pdf-lib@1.17.1 want: ^1.0.0
36 silly placeDep ROOT @pdf-lib/upng@1.0.1 OK for: pdf-lib@1.17.1 want: ^1.0.1
37 silly placeDep ROOT pako@1.0.11 OK for: pdf-lib@1.17.1 want: ^1.0.11
38 silly placeDep node_modules/pdf-lib tslib@1.14.1 OK for: pdf-lib@1.17.1 want: ^1.11.1
39 silly fetch manifest pako@^1.0.6
40 silly packumentCache full:https://registry.npmjs.org/pako cache-miss
41 silly fetch manifest pako@^1.0.10
42 silly packumentCache full:https://registry.npmjs.org/pako cache-miss
43 http cache https://registry.npmjs.org/pako 32ms (cache hit)
44 silly packumentCache full:https://registry.npmjs.org/pako set size:74234 disposed:false
45 http cache https://registry.npmjs.org/pako 35ms (cache hit)
46 silly packumentCache full:https://registry.npmjs.org/pako set size:74234 disposed:false
47 silly packumentCache full:https://registry.npmjs.org/pako dispose
48 silly reify moves {}
49 silly audit bulk request {
49 silly audit   '@alloc/quick-lru': [ '5.2.0' ],
49 silly audit   '@clerk/backend': [ '3.2.3' ],
49 silly audit   '@clerk/nextjs': [ '7.0.7' ],
49 silly audit   '@clerk/react': [ '6.1.3' ],
49 silly audit   '@clerk/shared': [ '4.3.2' ],
49 silly audit   '@emnapi/core': [ '1.9.1' ],
49 silly audit   '@emnapi/runtime': [ '1.9.1' ],
49 silly audit   '@emnapi/wasi-threads': [ '1.2.0' ],
49 silly audit   '@esbuild/aix-ppc64': [ '0.27.4' ],
49 silly audit   '@esbuild/android-arm': [ '0.27.4' ],
49 silly audit   '@esbuild/android-arm64': [ '0.27.4' ],
49 silly audit   '@esbuild/android-x64': [ '0.27.4' ],
49 silly audit   '@esbuild/darwin-arm64': [ '0.27.4' ],
49 silly audit   '@esbuild/darwin-x64': [ '0.27.4' ],
49 silly audit   '@esbuild/freebsd-arm64': [ '0.27.4' ],
49 silly audit   '@esbuild/freebsd-x64': [ '0.27.4' ],
49 silly audit   '@esbuild/linux-arm': [ '0.27.4' ],
49 silly audit   '@esbuild/linux-arm64': [ '0.27.4' ],
49 silly audit   '@esbuild/linux-ia32': [ '0.27.4' ],
49 silly audit   '@esbuild/linux-loong64': [ '0.27.4' ],
49 silly audit   '@esbuild/linux-mips64el': [ '0.27.4' ],
49 silly audit   '@esbuild/linux-ppc64': [ '0.27.4' ],
49 silly audit   '@esbuild/linux-riscv64': [ '0.27.4' ],
49 silly audit   '@esbuild/linux-s390x': [ '0.27.4' ],
49 silly audit   '@esbuild/linux-x64': [ '0.27.4' ],
49 silly audit   '@esbuild/netbsd-arm64': [ '0.27.4' ],
49 silly audit   '@esbuild/netbsd-x64': [ '0.27.4' ],
49 silly audit   '@esbuild/openbsd-arm64': [ '0.27.4' ],
49 silly audit   '@esbuild/openbsd-x64': [ '0.27.4' ],
49 silly audit   '@esbuild/openharmony-arm64': [ '0.27.4' ],
49 silly audit   '@esbuild/sunos-x64': [ '0.27.4' ],
49 silly audit   '@esbuild/win32-arm64': [ '0.27.4' ],
49 silly audit   '@esbuild/win32-ia32': [ '0.27.4' ],
49 silly audit   '@esbuild/win32-x64': [ '0.27.4' ],
49 silly audit   '@eslint-community/eslint-utils': [ '4.9.1' ],
49 silly audit   'eslint-visitor-keys': [ '3.4.3', '5.0.1', '4.2.1' ],
49 silly audit   '@eslint-community/regexpp': [ '4.12.2' ],
49 silly audit   '@eslint/config-array': [ '0.21.2' ],
49 silly audit   '@eslint/config-helpers': [ '0.4.2' ],
49 silly audit   '@eslint/core': [ '0.17.0' ],
49 silly audit   '@eslint/eslintrc': [ '3.3.5' ],
49 silly audit   '@eslint/js': [ '9.39.4' ],
49 silly audit   '@eslint/object-schema': [ '2.1.7' ],
49 silly audit   '@eslint/plugin-kit': [ '0.4.1' ],
49 silly audit   '@humanfs/core': [ '0.19.1' ],
49 silly audit   '@humanfs/node': [ '0.16.7' ],
49 silly audit   '@humanwhocodes/module-importer': [ '1.0.1' ],
49 silly audit   '@humanwhocodes/retry': [ '0.4.3' ],
49 silly audit   '@img/colour': [ '1.1.0' ],
49 silly audit   '@img/sharp-darwin-arm64': [ '0.34.5' ],
49 silly audit   '@img/sharp-darwin-x64': [ '0.34.5' ],
49 silly audit   '@img/sharp-libvips-darwin-arm64': [ '1.2.4' ],
49 silly audit   '@img/sharp-libvips-darwin-x64': [ '1.2.4' ],
49 silly audit   '@img/sharp-libvips-linux-arm': [ '1.2.4' ],
49 silly audit   '@img/sharp-libvips-linux-arm64': [ '1.2.4' ],
49 silly audit   '@img/sharp-libvips-linux-ppc64': [ '1.2.4' ],
49 silly audit   '@img/sharp-libvips-linux-riscv64': [ '1.2.4' ],
49 silly audit   '@img/sharp-libvips-linux-s390x': [ '1.2.4' ],
49 silly audit   '@img/sharp-libvips-linux-x64': [ '1.2.4' ],
49 silly audit   '@img/sharp-libvips-linuxmusl-arm64': [ '1.2.4' ],
49 silly audit   '@img/sharp-libvips-linuxmusl-x64': [ '1.2.4' ],
49 silly audit   '@img/sharp-linux-arm': [ '0.34.5' ],
49 silly audit   '@img/sharp-linux-arm64': [ '0.34.5' ],
49 silly audit   '@img/sharp-linux-ppc64': [ '0.34.5' ],
49 silly audit   '@img/sharp-linux-riscv64': [ '0.34.5' ],
49 silly audit   '@img/sharp-linux-s390x': [ '0.34.5' ],
49 silly audit   '@img/sharp-linux-x64': [ '0.34.5' ],
49 silly audit   '@img/sharp-linuxmusl-arm64': [ '0.34.5' ],
49 silly audit   '@img/sharp-linuxmusl-x64': [ '0.34.5' ],
49 silly audit   '@img/sharp-wasm32': [ '0.34.5' ],
49 silly audit   '@img/sharp-win32-arm64': [ '0.34.5' ],
49 silly audit   '@img/sharp-win32-ia32': [ '0.34.5' ],
49 silly audit   '@img/sharp-win32-x64': [ '0.34.5' ],
49 silly audit   '@jridgewell/gen-mapping': [ '0.3.13' ],
49 silly audit   '@jridgewell/resolve-uri': [ '3.1.2' ],
49 silly audit   '@jridgewell/sourcemap-codec': [ '1.5.5' ],
49 silly audit   '@jridgewell/trace-mapping': [ '0.3.31' ],
49 silly audit   '@napi-rs/wasm-runtime': [ '0.2.12' ],
49 silly audit   '@next/env': [ '15.5.14' ],
49 silly audit   '@next/eslint-plugin-next': [ '15.5.14' ],
49 silly audit   '@next/swc-darwin-arm64': [ '15.5.14' ],
49 silly audit   '@next/swc-darwin-x64': [ '15.5.14' ],
49 silly audit   '@next/swc-linux-arm64-gnu': [ '15.5.14' ],
49 silly audit   '@next/swc-linux-arm64-musl': [ '15.5.14' ],
49 silly audit   '@next/swc-linux-x64-gnu': [ '15.5.14' ],
49 silly audit   '@next/swc-linux-x64-musl': [ '15.5.14' ],
49 silly audit   '@next/swc-win32-arm64-msvc': [ '15.5.14' ],
49 silly audit   '@next/swc-win32-x64-msvc': [ '15.5.14' ],
49 silly audit   '@nodelib/fs.scandir': [ '2.1.5' ],
49 silly audit   '@nodelib/fs.stat': [ '2.0.5' ],
49 silly audit   '@nodelib/fs.walk': [ '1.2.8' ],
49 silly audit   '@nolyfill/is-core-module': [ '1.0.39' ],
49 silly audit   '@prisma/client': [ '6.19.2' ],
49 silly audit   '@prisma/config': [ '6.19.2' ],
49 silly audit   '@prisma/debug': [ '6.19.2' ],
49 silly audit   '@prisma/engines': [ '6.19.2' ],
49 silly audit   '@prisma/engines-version': [ '7.1.1-3.c2990dca591cba766e3b7ef5d9e8a84796e47ab7' ],
49 silly audit   '@prisma/fetch-engine': [ '6.19.2' ],
49 silly audit   '@prisma/get-platform': [ '6.19.2' ],
49 silly audit   '@radix-ui/react-compose-refs': [ '1.1.2' ],
49 silly audit   '@radix-ui/react-slot': [ '1.2.4' ],
49 silly audit   '@rtsao/scc': [ '1.1.0' ],
49 silly audit   '@rushstack/eslint-patch': [ '1.16.1' ],
49 silly audit   '@stablelib/base64': [ '1.0.1' ],
49 silly audit   '@standard-schema/spec': [ '1.1.0' ],
49 silly audit   '@swc/helpers': [ '0.5.15' ],
49 silly audit   '@tanstack/query-core': [ '5.90.16' ],
49 silly audit   '@tybys/wasm-util': [ '0.10.1' ],
49 silly audit   '@types/estree': [ '1.0.8' ],
49 silly audit   '@types/json-schema': [ '7.0.15' ],
49 silly audit   '@types/json5': [ '0.0.29' ],
49 silly audit   '@types/node': [ '22.19.15' ],
49 silly audit   '@types/react': [ '19.2.14' ],
49 silly audit   '@types/react-dom': [ '19.2.3' ],
49 silly audit   '@typescript-eslint/eslint-plugin': [ '8.57.2' ],
49 silly audit   ignore: [ '7.0.5', '5.3.2' ],
49 silly audit   '@typescript-eslint/parser': [ '8.57.2' ],
49 silly audit   '@typescript-eslint/project-service': [ '8.57.2' ],
49 silly audit   '@typescript-eslint/scope-manager': [ '8.57.2' ],
49 silly audit   '@typescript-eslint/tsconfig-utils': [ '8.57.2' ],
49 silly audit   '@typescript-eslint/type-utils': [ '8.57.2' ],
49 silly audit   '@typescript-eslint/types': [ '8.57.2' ],
49 silly audit   '@typescript-eslint/typescript-estree': [ '8.57.2' ],
49 silly audit   'balanced-match': [ '4.0.4', '1.0.2' ],
49 silly audit   'brace-expansion': [ '5.0.5', '1.1.13' ],
49 silly audit   minimatch: [ '10.2.4', '3.1.5' ],
49 silly audit   '@typescript-eslint/utils': [ '8.57.2' ],
49 silly audit   '@typescript-eslint/visitor-keys': [ '8.57.2' ],
49 silly audit   '@unrs/resolver-binding-android-arm-eabi': [ '1.11.1' ],
49 silly audit   '@unrs/resolver-binding-android-arm64': [ '1.11.1' ],
49 silly audit   '@unrs/resolver-binding-darwin-arm64': [ '1.11.1' ],
49 silly audit   '@unrs/resolver-binding-darwin-x64': [ '1.11.1' ],
49 silly audit   '@unrs/resolver-binding-freebsd-x64': [ '1.11.1' ],
49 silly audit   '@unrs/resolver-binding-linux-arm-gnueabihf': [ '1.11.1' ],
49 silly audit   '@unrs/resolver-binding-linux-arm-musleabihf': [ '1.11.1' ],
49 silly audit   '@unrs/resolver-binding-linux-arm64-gnu': [ '1.11.1' ],
49 silly audit   '@unrs/resolver-binding-linux-arm64-musl': [ '1.11.1' ],
49 silly audit   '@unrs/resolver-binding-linux-ppc64-gnu': [ '1.11.1' ],
49 silly audit   '@unrs/resolver-binding-linux-riscv64-gnu': [ '1.11.1' ],
49 silly audit   '@unrs/resolver-binding-linux-riscv64-musl': [ '1.11.1' ],
49 silly audit   '@unrs/resolver-binding-linux-s390x-gnu': [ '1.11.1' ],
49 silly audit   '@unrs/resolver-binding-linux-x64-gnu': [ '1.11.1' ],
49 silly audit   '@unrs/resolver-binding-linux-x64-musl': [ '1.11.1' ],
49 silly audit   '@unrs/resolver-binding-wasm32-wasi': [ '1.11.1' ],
49 silly audit   '@unrs/resolver-binding-win32-arm64-msvc': [ '1.11.1' ],
49 silly audit   '@unrs/resolver-binding-win32-ia32-msvc': [ '1.11.1' ],
49 silly audit   '@unrs/resolver-binding-win32-x64-msvc': [ '1.11.1' ],
49 silly audit   acorn: [ '8.16.0' ],
49 silly audit   'acorn-jsx': [ '5.3.2' ],
49 silly audit   ajv: [ '6.14.0' ],
49 silly audit   'ansi-styles': [ '4.3.0' ],
49 silly audit   'any-promise': [ '1.3.0' ],
49 silly audit   anymatch: [ '3.1.3' ],
49 silly audit   arg: [ '5.0.2' ],
49 silly audit   argparse: [ '2.0.1' ],
49 silly audit   'aria-query': [ '5.3.2' ],
49 silly audit   'array-buffer-byte-length': [ '1.0.2' ],
49 silly audit   'array-includes': [ '3.1.9' ],
49 silly audit   'array.prototype.findlast': [ '1.2.5' ],
49 silly audit   'array.prototype.findlastindex': [ '1.2.6' ],
49 silly audit   'array.prototype.flat': [ '1.3.3' ],
49 silly audit   'array.prototype.flatmap': [ '1.3.3' ],
49 silly audit   'array.prototype.tosorted': [ '1.1.4' ],
49 silly audit   'arraybuffer.prototype.slice': [ '1.0.4' ],
49 silly audit   'ast-types-flow': [ '0.0.8' ],
49 silly audit   'async-function': [ '1.0.0' ],
49 silly audit   autoprefixer: [ '10.4.27' ],
49 silly audit   'available-typed-arrays': [ '1.0.7' ],
49 silly audit   'axe-core': [ '4.11.1' ],
49 silly audit   'axobject-query': [ '4.1.0' ],
49 silly audit   'baseline-browser-mapping': [ '2.10.11' ],
49 silly audit   'binary-extensions': [ '2.3.0' ],
49 silly audit   braces: [ '3.0.3' ],
49 silly audit   browserslist: [ '4.28.1' ],
49 silly audit   c12: [ '3.1.0' ],
49 silly audit   'call-bind': [ '1.0.8' ],
49 silly audit   'call-bind-apply-helpers': [ '1.0.2' ],
49 silly audit   'call-bound': [ '1.0.4' ],
49 silly audit   callsites: [ '3.1.0' ],
49 silly audit   'camelcase-css': [ '2.0.1' ],
49 silly audit   'caniuse-lite': [ '1.0.30001781' ],
49 silly audit   chalk: [ '4.1.2' ],
49 silly audit   chokidar: [ '4.0.3', '3.6.0' ],
49 silly audit   citty: [ '0.1.6', '0.2.1' ],
49 silly audit   'class-variance-authority': [ '0.7.1' ],
49 silly audit   'client-only': [ '0.0.1' ],
49 silly audit   clsx: [ '2.1.1' ],
49 silly audit   'color-convert': [ '2.0.1' ],
49 silly audit   'color-name': [ '1.1.4' ],
49 silly audit   commander: [ '4.1.1' ],
49 silly audit   'concat-map': [ '0.0.1' ],
49 silly audit   confbox: [ '0.2.4' ],
49 silly audit   consola: [ '3.4.2' ],
49 silly audit   'cross-spawn': [ '7.0.6' ],
49 silly audit   cssesc: [ '3.0.0' ],
49 silly audit   csstype: [ '3.2.3' ],
49 silly audit   'damerau-levenshtein': [ '1.0.8' ],
49 silly audit   'data-view-buffer': [ '1.0.2' ],
49 silly audit   'data-view-byte-length': [ '1.0.2' ],
49 silly audit   'data-view-byte-offset': [ '1.0.1' ],
49 silly audit   debug: [ '4.4.3', '3.2.7' ],
49 silly audit   'deep-is': [ '0.1.4' ],
49 silly audit   'deepmerge-ts': [ '7.1.5' ],
49 silly audit   'define-data-property': [ '1.1.4' ],
49 silly audit   'define-properties': [ '1.2.1' ],
49 silly audit   defu: [ '6.1.4' ],
49 silly audit   dequal: [ '2.0.3' ],
49 silly audit   destr: [ '2.0.5' ],
49 silly audit   'detect-libc': [ '2.1.2' ],
49 silly audit   didyoumean: [ '1.2.2' ],
49 silly audit   dlv: [ '1.1.3' ],
49 silly audit   doctrine: [ '2.1.0' ],
49 silly audit   dotenv: [ '16.6.1' ],
49 silly audit   'dunder-proto': [ '1.0.1' ],
49 silly audit   effect: [ '3.18.4' ],
49 silly audit   'electron-to-chromium': [ '1.5.328' ],
49 silly audit   'emoji-regex': [ '9.2.2' ],
49 silly audit   empathic: [ '2.0.0' ],
49 silly audit   'es-abstract': [ '1.24.1' ],
49 silly audit   'es-define-property': [ '1.0.1' ],
49 silly audit   'es-errors': [ '1.3.0' ],
49 silly audit   'es-iterator-helpers': [ '1.3.1' ],
49 silly audit   'es-object-atoms': [ '1.1.1' ],
49 silly audit   'es-set-tostringtag': [ '2.1.0' ],
49 silly audit   'es-shim-unscopables': [ '1.1.0' ],
49 silly audit   'es-to-primitive': [ '1.3.0' ],
49 silly audit   esbuild: [ '0.27.4' ],
49 silly audit   escalade: [ '3.2.0' ],
49 silly audit   'escape-string-regexp': [ '4.0.0' ],
49 silly audit   eslint: [ '9.39.4' ],
49 silly audit   'eslint-config-next': [ '15.5.14' ],
49 silly audit   'eslint-import-resolver-node': [ '0.3.9' ],
49 silly audit   'eslint-import-resolver-typescript': [ '3.10.1' ],
49 silly audit   'eslint-module-utils': [ '2.12.1' ],
49 silly audit   'eslint-plugin-import': [ '2.32.0' ],
49 silly audit   semver: [ '6.3.1', '7.7.4' ],
49 silly audit   'eslint-plugin-jsx-a11y': [ '6.10.2' ],
49 silly audit   'eslint-plugin-react': [ '7.37.5' ],
49 silly audit   'eslint-plugin-react-hooks': [ '5.2.0' ],
49 silly audit   resolve: [ '2.0.0-next.6', '1.22.11' ],
49 silly audit   'eslint-scope': [ '8.4.0' ],
49 silly audit   espree: [ '10.4.0' ],
49 silly audit   esquery: [ '1.7.0' ],
49 silly audit   esrecurse: [ '4.3.0' ],
49 silly audit   estraverse: [ '5.3.0' ],
49 silly audit   esutils: [ '2.0.3' ],
49 silly audit   exsolve: [ '1.0.8' ],
49 silly audit   'fast-check': [ '3.23.2' ],
49 silly audit   'fast-deep-equal': [ '3.1.3' ],
49 silly audit   'fast-glob': [ '3.3.1', '3.3.3' ],
49 silly audit   'glob-parent': [ '5.1.2', '6.0.2' ],
49 silly audit   'fast-json-stable-stringify': [ '2.1.0' ],
49 silly audit   'fast-levenshtein': [ '2.0.6' ],
49 silly audit   'fast-sha256': [ '1.3.0' ],
49 silly audit   fastq: [ '1.20.1' ],
49 silly audit   'file-entry-cache': [ '8.0.0' ],
49 silly audit   'fill-range': [ '7.1.1' ],
49 silly audit   'find-up': [ '5.0.0' ],
49 silly audit   'flat-cache': [ '4.0.1' ],
49 silly audit   flatted: [ '3.4.2' ],
49 silly audit   'for-each': [ '0.3.5' ],
49 silly audit   'fraction.js': [ '5.3.4' ],
49 silly audit   fsevents: [ '2.3.3' ],
49 silly audit   'function-bind': [ '1.1.2' ],
49 silly audit   'function.prototype.name': [ '1.1.8' ],
49 silly audit   'functions-have-names': [ '1.2.3' ],
49 silly audit   'generator-function': [ '2.0.1' ],
49 silly audit   'get-intrinsic': [ '1.3.0' ],
49 silly audit   'get-proto': [ '1.0.1' ],
49 silly audit   'get-symbol-description': [ '1.1.0' ],
49 silly audit   'get-tsconfig': [ '4.13.7' ],
49 silly audit   giget: [ '2.0.0' ],
49 silly audit   'glob-to-regexp': [ '0.4.1' ],
49 silly audit   globals: [ '14.0.0' ],
49 silly audit   globalthis: [ '1.0.4' ],
49 silly audit   gopd: [ '1.2.0' ],
49 silly audit   'has-bigints': [ '1.1.0' ],
49 silly audit   'has-flag': [ '4.0.0' ],
49 silly audit   'has-property-descriptors': [ '1.0.2' ],
49 silly audit   'has-proto': [ '1.2.0' ],
49 silly audit   'has-symbols': [ '1.1.0' ],
49 silly audit   'has-tostringtag': [ '1.0.2' ],
49 silly audit   hasown: [ '2.0.2' ],
49 silly audit   'import-fresh': [ '3.3.1' ],
49 silly audit   imurmurhash: [ '0.1.4' ],
49 silly audit   'internal-slot': [ '1.1.0' ],
49 silly audit   'is-array-buffer': [ '3.0.5' ],
49 silly audit   'is-async-function': [ '2.1.1' ],
49 silly audit   'is-bigint': [ '1.1.0' ],
49 silly audit   'is-binary-path': [ '2.1.0' ],
49 silly audit   'is-boolean-object': [ '1.2.2' ],
49 silly audit   'is-bun-module': [ '2.0.0' ],
49 silly audit   'is-callable': [ '1.2.7' ],
49 silly audit   'is-core-module': [ '2.16.1' ],
49 silly audit   'is-data-view': [ '1.0.2' ],
49 silly audit   'is-date-object': [ '1.1.0' ],
49 silly audit   'is-extglob': [ '2.1.1' ],
49 silly audit   'is-finalizationregistry': [ '1.1.1' ],
49 silly audit   'is-generator-function': [ '1.1.2' ],
49 silly audit   'is-glob': [ '4.0.3' ],
49 silly audit   'is-map': [ '2.0.3' ],
49 silly audit   'is-negative-zero': [ '2.0.3' ],
49 silly audit   'is-number': [ '7.0.0' ],
49 silly audit   'is-number-object': [ '1.1.1' ],
49 silly audit   'is-regex': [ '1.2.1' ],
49 silly audit   'is-set': [ '2.0.3' ],
49 silly audit   'is-shared-array-buffer': [ '1.0.4' ],
49 silly audit   'is-string': [ '1.1.1' ],
49 silly audit   'is-symbol': [ '1.1.1' ],
49 silly audit   'is-typed-array': [ '1.1.15' ],
49 silly audit   'is-weakmap': [ '2.0.2' ],
49 silly audit   'is-weakref': [ '1.1.1' ],
49 silly audit   'is-weakset': [ '2.0.4' ],
49 silly audit   isarray: [ '2.0.5' ],
49 silly audit   isexe: [ '2.0.0' ],
49 silly audit   'iterator.prototype': [ '1.1.5' ],
49 silly audit   jiti: [ '2.6.1', '1.21.7' ],
49 silly audit   'js-cookie': [ '3.0.5' ],
49 silly audit   'js-tokens': [ '4.0.0' ],
49 silly audit   'js-yaml': [ '4.1.1' ],
49 silly audit   'json-buffer': [ '3.0.1' ],
49 silly audit   'json-schema-traverse': [ '0.4.1' ],
49 silly audit   'json-stable-stringify-without-jsonify': [ '1.0.1' ],
49 silly audit   json5: [ '1.0.2' ],
49 silly audit   'jsx-ast-utils': [ '3.3.5' ],
49 silly audit   keyv: [ '4.5.4' ],
49 silly audit   'language-subtag-registry': [ '0.3.23' ],
49 silly audit   'language-tags': [ '1.0.9' ],
49 silly audit   levn: [ '0.4.1' ],
49 silly audit   lilconfig: [ '3.1.3' ],
49 silly audit   'lines-and-columns': [ '1.2.4' ],
49 silly audit   'locate-path': [ '6.0.0' ],
49 silly audit   'lodash.merge': [ '4.6.2' ],
49 silly audit   'loose-envify': [ '1.4.0' ],
49 silly audit   'lucide-react': [ '0.475.0' ],
49 silly audit   'math-intrinsics': [ '1.1.0' ],
49 silly audit   merge2: [ '1.4.1' ],
49 silly audit   micromatch: [ '4.0.8' ],
49 silly audit   minimist: [ '1.2.8' ],
49 silly audit   ms: [ '2.1.3' ],
49 silly audit   mz: [ '2.7.0' ],
49 silly audit   nanoid: [ '3.3.11' ],
49 silly audit   'napi-postinstall': [ '0.3.4' ],
49 silly audit   'natural-compare': [ '1.4.0' ],
49 silly audit   next: [ '15.5.14' ],
49 silly audit   postcss: [ '8.4.31', '8.5.8' ],
49 silly audit   'node-exports-info': [ '1.6.0' ],
49 silly audit   'node-fetch-native': [ '1.6.7' ],
49 silly audit   'node-releases': [ '2.0.36' ],
49 silly audit   'normalize-path': [ '3.0.0' ],
49 silly audit   nypm: [ '0.6.5' ],
49 silly audit   'object-assign': [ '4.1.1' ],
49 silly audit   'object-hash': [ '3.0.0' ],
49 silly audit   'object-inspect': [ '1.13.4' ],
49 silly audit   'object-keys': [ '1.1.1' ],
49 silly audit   'object.assign': [ '4.1.7' ],
49 silly audit   'object.entries': [ '1.1.9' ],
49 silly audit   'object.fromentries': [ '2.0.8' ],
49 silly audit   'object.groupby': [ '1.0.3' ],
49 silly audit   'object.values': [ '1.2.1' ],
49 silly audit   ohash: [ '2.0.11' ],
49 silly audit   optionator: [ '0.9.4' ],
49 silly audit   'own-keys': [ '1.0.1' ],
49 silly audit   'p-limit': [ '3.1.0' ],
49 silly audit   'p-locate': [ '5.0.0' ],
49 silly audit   'parent-module': [ '1.0.1' ],
49 silly audit   'path-exists': [ '4.0.0' ],
49 silly audit   'path-key': [ '3.1.1' ],
49 silly audit   'path-parse': [ '1.0.7' ],
49 silly audit   pathe: [ '2.0.3' ],
49 silly audit   'perfect-debounce': [ '1.0.0' ],
49 silly audit   picocolors: [ '1.1.1' ],
49 silly audit   picomatch: [ '2.3.2', '4.0.4' ],
49 silly audit   pify: [ '2.3.0' ],
49 silly audit   pirates: [ '4.0.7' ],
49 silly audit   'pkg-types': [ '2.3.0' ],
49 silly audit   'possible-typed-array-names': [ '1.1.0' ],
49 silly audit   'postcss-import': [ '15.1.0' ],
49 silly audit   'postcss-js': [ '4.1.0' ],
49 silly audit   'postcss-load-config': [ '6.0.1' ],
49 silly audit   'postcss-nested': [ '6.2.0' ],
49 silly audit   'postcss-selector-parser': [ '6.1.2' ],
49 silly audit   'postcss-value-parser': [ '4.2.0' ],
49 silly audit   'prelude-ls': [ '1.2.1' ],
49 silly audit   prisma: [ '6.19.2' ],
49 silly audit   'prop-types': [ '15.8.1' ],
49 silly audit   punycode: [ '2.3.1' ],
49 silly audit   'pure-rand': [ '6.1.0' ],
49 silly audit   'queue-microtask': [ '1.2.3' ],
49 silly audit   rc9: [ '2.1.2' ],
49 silly audit   react: [ '19.2.4' ],
49 silly audit   'react-dom': [ '19.2.4' ],
49 silly audit   'react-is': [ '16.13.1' ],
49 silly audit   'read-cache': [ '1.0.0' ],
49 silly audit   readdirp: [ '4.1.2', '3.6.0' ],
49 silly audit   'reflect.getprototypeof': [ '1.0.10' ],
49 silly audit   'regexp.prototype.flags': [ '1.5.4' ],
49 silly audit   'resolve-from': [ '4.0.0' ],
49 silly audit   'resolve-pkg-maps': [ '1.0.0' ],
49 silly audit   reusify: [ '1.1.0' ],
49 silly audit   'run-parallel': [ '1.2.0' ],
49 silly audit   'safe-array-concat': [ '1.1.3' ],
49 silly audit   'safe-push-apply': [ '1.0.0' ],
49 silly audit   'safe-regex-test': [ '1.1.0' ],
49 silly audit   scheduler: [ '0.27.0' ],
49 silly audit   'server-only': [ '0.0.1' ],
49 silly audit   'set-function-length': [ '1.2.2' ],
49 silly audit   'set-function-name': [ '2.0.2' ],
49 silly audit   'set-proto': [ '1.0.0' ],
49 silly audit   sharp: [ '0.34.5' ],
49 silly audit   'shebang-command': [ '2.0.0' ],
49 silly audit   'shebang-regex': [ '3.0.0' ],
49 silly audit   'side-channel': [ '1.1.0' ],
49 silly audit   'side-channel-list': [ '1.0.0' ],
49 silly audit   'side-channel-map': [ '1.0.1' ],
49 silly audit   'side-channel-weakmap': [ '1.0.2' ],
49 silly audit   'source-map-js': [ '1.2.1' ],
49 silly audit   'stable-hash': [ '0.0.5' ],
49 silly audit   standardwebhooks: [ '1.0.0' ],
49 silly audit   'std-env': [ '3.10.0' ],
49 silly audit   'stop-iteration-iterator': [ '1.1.0' ],
49 silly audit   'string.prototype.includes': [ '2.0.1' ],
49 silly audit   'string.prototype.matchall': [ '4.0.12' ],
49 silly audit   'string.prototype.repeat': [ '1.0.0' ],
49 silly audit   'string.prototype.trim': [ '1.2.10' ],
49 silly audit   'string.prototype.trimend': [ '1.0.9' ],
49 silly audit   'string.prototype.trimstart': [ '1.0.8' ],
49 silly audit   'strip-bom': [ '3.0.0' ],
49 silly audit   'strip-json-comments': [ '3.1.1' ],
49 silly audit   'styled-jsx': [ '5.1.6' ],
49 silly audit   sucrase: [ '3.35.1' ],
49 silly audit   'supports-color': [ '7.2.0' ],
49 silly audit   'supports-preserve-symlinks-flag': [ '1.0.0' ],
49 silly audit   'tailwind-merge': [ '2.6.1' ],
49 silly audit   tailwindcss: [ '3.4.19' ],
49 silly audit   thenify: [ '3.3.1' ],
49 silly audit   'thenify-all': [ '1.6.0' ],
49 silly audit   tinyexec: [ '1.0.4' ],
49 silly audit   tinyglobby: [ '0.2.15' ],
49 silly audit   fdir: [ '6.5.0' ],
49 silly audit   'to-regex-range': [ '5.0.1' ],
49 silly audit   'ts-api-utils': [ '2.5.0' ],
49 silly audit   'ts-interface-checker': [ '0.1.13' ],
49 silly audit   'tsconfig-paths': [ '3.15.0' ],
49 silly audit   tslib: [ '2.8.1', '1.14.1' ],
49 silly audit   tsx: [ '4.21.0' ],
49 silly audit   'type-check': [ '0.4.0' ],
49 silly audit   'typed-array-buffer': [ '1.0.3' ],
49 silly audit   'typed-array-byte-length': [ '1.0.3' ],
49 silly audit   'typed-array-byte-offset': [ '1.0.4' ],
49 silly audit   'typed-array-length': [ '1.0.7' ],
49 silly audit   typescript: [ '5.9.3' ],
49 silly audit   'unbox-primitive': [ '1.1.0' ],
49 silly audit   'undici-types': [ '6.21.0' ],
49 silly audit   'unrs-resolver': [ '1.11.1' ],
49 silly audit   'update-browserslist-db': [ '1.2.3' ],
49 silly audit   'uri-js': [ '4.4.1' ],
49 silly audit   'util-deprecate': [ '1.0.2' ],
49 silly audit   which: [ '2.0.2' ],
49 silly audit   'which-boxed-primitive': [ '1.1.1' ],
49 silly audit   'which-builtin-type': [ '1.2.1' ],
49 silly audit   'which-collection': [ '1.0.2' ],
49 silly audit   'which-typed-array': [ '1.1.20' ],
49 silly audit   'word-wrap': [ '1.2.5' ],
49 silly audit   'yocto-queue': [ '0.1.0' ],
49 silly audit   'pdf-lib': [ '1.17.1' ],
49 silly audit   '@pdf-lib/standard-fonts': [ '1.0.0' ],
49 silly audit   '@pdf-lib/upng': [ '1.0.1' ],
49 silly audit   pako: [ '1.0.11' ]
49 silly audit }
50 verbose reify failed optional dependency C:\Users\wisdo\OneDrive\Desktop\codex_projects\BreachVector\node_modules\fsevents
51 silly reify mark deleted [
51 silly reify   'C:\\Users\\wisdo\\OneDrive\\Desktop\\codex_projects\\BreachVector\\node_modules\\fsevents'
51 silly reify ]
52 verbose reify failed optional dependency C:\Users\wisdo\OneDrive\Desktop\codex_projects\BreachVector\node_modules\@unrs\resolver-binding-win32-ia32-msvc
53 silly reify mark deleted [
53 silly reify   'C:\\Users\\wisdo\\OneDrive\\Desktop\\codex_projects\\BreachVector\\node_modules\\@unrs\\resolver-binding-win32-ia32-msvc'
53 silly reify ]
54 verbose reify failed optional dependency C:\Users\wisdo\OneDrive\Desktop\codex_projects\BreachVector\node_modules\@unrs\resolver-binding-win32-arm64-msvc
55 silly reify mark deleted [
55 silly reify   'C:\\Users\\wisdo\\OneDrive\\Desktop\\codex_projects\\BreachVector\\node_modules\\@unrs\\resolver-binding-win32-arm64-msvc'
55 silly reify ]
56 verbose reify failed optional dependency C:\Users\wisdo\OneDrive\Desktop\codex_projects\BreachVector\node_modules\@unrs\resolver-binding-wasm32-wasi
57 silly reify mark deleted [
57 silly reify   'C:\\Users\\wisdo\\OneDrive\\Desktop\\codex_projects\\BreachVector\\node_modules\\@unrs\\resolver-binding-wasm32-wasi'
57 silly reify ]
58 verbose reify failed optional dependency C:\Users\wisdo\OneDrive\Desktop\codex_projects\BreachVector\node_modules\@napi-rs\wasm-runtime
59 silly reify mark deleted [
59 silly reify   'C:\\Users\\wisdo\\OneDrive\\Desktop\\codex_projects\\BreachVector\\node_modules\\@napi-rs\\wasm-runtime'
59 silly reify ]
60 verbose reify failed optional dependency C:\Users\wisdo\OneDrive\Desktop\codex_projects\BreachVector\node_modules\@emnapi\core
61 silly reify mark deleted [
61 silly reify   'C:\\Users\\wisdo\\OneDrive\\Desktop\\codex_projects\\BreachVector\\node_modules\\@emnapi\\core'
61 silly reify ]
62 verbose reify failed optional dependency C:\Users\wisdo\OneDrive\Desktop\codex_projects\BreachVector\node_modules\@tybys\wasm-util
63 silly reify mark deleted [
63 silly reify   'C:\\Users\\wisdo\\OneDrive\\Desktop\\codex_projects\\BreachVector\\node_modules\\@tybys\\wasm-util'
63 silly reify ]
64 verbose reify failed optional dependency C:\Users\wisdo\OneDrive\Desktop\codex_projects\BreachVector\node_modules\@emnapi\wasi-threads
65 silly reify mark deleted [
65 silly reify   'C:\\Users\\wisdo\\OneDrive\\Desktop\\codex_projects\\BreachVector\\node_modules\\@emnapi\\wasi-threads'
65 silly reify ]
66 verbose reify failed optional dependency C:\Users\wisdo\OneDrive\Desktop\codex_projects\BreachVector\node_modules\@unrs\resolver-binding-linux-x64-musl
67 silly reify mark deleted [
67 silly reify   'C:\\Users\\wisdo\\OneDrive\\Desktop\\codex_projects\\BreachVector\\node_modules\\@unrs\\resolver-binding-linux-x64-musl'
67 silly reify ]
68 verbose reify failed optional dependency C:\Users\wisdo\OneDrive\Desktop\codex_projects\BreachVector\node_modules\@unrs\resolver-binding-linux-x64-gnu
69 silly reify mark deleted [
69 silly reify   'C:\\Users\\wisdo\\OneDrive\\Desktop\\codex_projects\\BreachVector\\node_modules\\@unrs\\resolver-binding-linux-x64-gnu'
69 silly reify ]
70 verbose reify failed optional dependency C:\Users\wisdo\OneDrive\Desktop\codex_projects\BreachVector\node_modules\@unrs\resolver-binding-linux-s390x-gnu
71 silly reify mark deleted [
71 silly reify   'C:\\Users\\wisdo\\OneDrive\\Desktop\\codex_projects\\BreachVector\\node_modules\\@unrs\\resolver-binding-linux-s390x-gnu'
71 silly reify ]
72 verbose reify failed optional dependency C:\Users\wisdo\OneDrive\Desktop\codex_projects\BreachVector\node_modules\@unrs\resolver-binding-linux-riscv64-musl
73 silly reify mark deleted [
73 silly reify   'C:\\Users\\wisdo\\OneDrive\\Desktop\\codex_projects\\BreachVector\\node_modules\\@unrs\\resolver-binding-linux-riscv64-musl'
73 silly reify ]
74 verbose reify failed optional dependency C:\Users\wisdo\OneDrive\Desktop\codex_projects\BreachVector\node_modules\@unrs\resolver-binding-linux-riscv64-gnu
75 silly reify mark deleted [
75 silly reify   'C:\\Users\\wisdo\\OneDrive\\Desktop\\codex_projects\\BreachVector\\node_modules\\@unrs\\resolver-binding-linux-riscv64-gnu'
75 silly reify ]
76 verbose reify failed optional dependency C:\Users\wisdo\OneDrive\Desktop\codex_projects\BreachVector\node_modules\@unrs\resolver-binding-linux-ppc64-gnu
77 silly reify mark deleted [
77 silly reify   'C:\\Users\\wisdo\\OneDrive\\Desktop\\codex_projects\\BreachVector\\node_modules\\@unrs\\resolver-binding-linux-ppc64-gnu'
77 silly reify ]
78 verbose reify failed optional dependency C:\Users\wisdo\OneDrive\Desktop\codex_projects\BreachVector\node_modules\@unrs\resolver-binding-linux-arm64-musl
79 silly reify mark deleted [
79 silly reify   'C:\\Users\\wisdo\\OneDrive\\Desktop\\codex_projects\\BreachVector\\node_modules\\@unrs\\resolver-binding-linux-arm64-musl'
79 silly reify ]
80 verbose reify failed optional dependency C:\Users\wisdo\OneDrive\Desktop\codex_projects\BreachVector\node_modules\@unrs\resolver-binding-linux-arm64-gnu
81 silly reify mark deleted [
81 silly reify   'C:\\Users\\wisdo\\OneDrive\\Desktop\\codex_projects\\BreachVector\\node_modules\\@unrs\\resolver-binding-linux-arm64-gnu'
81 silly reify ]
82 verbose reify failed optional dependency C:\Users\wisdo\OneDrive\Desktop\codex_projects\BreachVector\node_modules\@unrs\resolver-binding-linux-arm-musleabihf
83 silly reify mark deleted [
83 silly reify   'C:\\Users\\wisdo\\OneDrive\\Desktop\\codex_projects\\BreachVector\\node_modules\\@unrs\\resolver-binding-linux-arm-musleabihf'
83 silly reify ]
84 verbose reify failed optional dependency C:\Users\wisdo\OneDrive\Desktop\codex_projects\BreachVector\node_modules\@unrs\resolver-binding-linux-arm-gnueabihf
85 silly reify mark deleted [
85 silly reify   'C:\\Users\\wisdo\\OneDrive\\Desktop\\codex_projects\\BreachVector\\node_modules\\@unrs\\resolver-binding-linux-arm-gnueabihf'
85 silly reify ]
86 verbose reify failed optional dependency C:\Users\wisdo\OneDrive\Desktop\codex_projects\BreachVector\node_modules\@unrs\resolver-binding-freebsd-x64
87 silly reify mark deleted [
87 silly reify   'C:\\Users\\wisdo\\OneDrive\\Desktop\\codex_projects\\BreachVector\\node_modules\\@unrs\\resolver-binding-freebsd-x64'
87 silly reify ]
88 verbose reify failed optional dependency C:\Users\wisdo\OneDrive\Desktop\codex_projects\BreachVector\node_modules\@unrs\resolver-binding-darwin-x64
89 silly reify mark deleted [
89 silly reify   'C:\\Users\\wisdo\\OneDrive\\Desktop\\codex_projects\\BreachVector\\node_modules\\@unrs\\resolver-binding-darwin-x64'
89 silly reify ]
90 verbose reify failed optional dependency C:\Users\wisdo\OneDrive\Desktop\codex_projects\BreachVector\node_modules\@unrs\resolver-binding-darwin-arm64
91 silly reify mark deleted [
91 silly reify   'C:\\Users\\wisdo\\OneDrive\\Desktop\\codex_projects\\BreachVector\\node_modules\\@unrs\\resolver-binding-darwin-arm64'
91 silly reify ]
92 verbose reify failed optional dependency C:\Users\wisdo\OneDrive\Desktop\codex_projects\BreachVector\node_modules\@unrs\resolver-binding-android-arm64
93 silly reify mark deleted [
93 silly reify   'C:\\Users\\wisdo\\OneDrive\\Desktop\\codex_projects\\BreachVector\\node_modules\\@unrs\\resolver-binding-android-arm64'
93 silly reify ]
94 verbose reify failed optional dependency C:\Users\wisdo\OneDrive\Desktop\codex_projects\BreachVector\node_modules\@unrs\resolver-binding-android-arm-eabi
95 silly reify mark deleted [
95 silly reify   'C:\\Users\\wisdo\\OneDrive\\Desktop\\codex_projects\\BreachVector\\node_modules\\@unrs\\resolver-binding-android-arm-eabi'
95 silly reify ]
96 verbose reify failed optional dependency C:\Users\wisdo\OneDrive\Desktop\codex_projects\BreachVector\node_modules\@next\swc-win32-arm64-msvc
97 silly reify mark deleted [
97 silly reify   'C:\\Users\\wisdo\\OneDrive\\Desktop\\codex_projects\\BreachVector\\node_modules\\@next\\swc-win32-arm64-msvc'
97 silly reify ]
98 verbose reify failed optional dependency C:\Users\wisdo\OneDrive\Desktop\codex_projects\BreachVector\node_modules\@next\swc-linux-x64-musl
99 silly reify mark deleted [
99 silly reify   'C:\\Users\\wisdo\\OneDrive\\Desktop\\codex_projects\\BreachVector\\node_modules\\@next\\swc-linux-x64-musl'
99 silly reify ]
100 verbose reify failed optional dependency C:\Users\wisdo\OneDrive\Desktop\codex_projects\BreachVector\node_modules\@next\swc-linux-x64-gnu
101 silly reify mark deleted [
101 silly reify   'C:\\Users\\wisdo\\OneDrive\\Desktop\\codex_projects\\BreachVector\\node_modules\\@next\\swc-linux-x64-gnu'
101 silly reify ]
102 verbose reify failed optional dependency C:\Users\wisdo\OneDrive\Desktop\codex_projects\BreachVector\node_modules\@next\swc-linux-arm64-musl
103 silly reify mark deleted [
103 silly reify   'C:\\Users\\wisdo\\OneDrive\\Desktop\\codex_projects\\BreachVector\\node_modules\\@next\\swc-linux-arm64-musl'
103 silly reify ]
104 verbose reify failed optional dependency C:\Users\wisdo\OneDrive\Desktop\codex_projects\BreachVector\node_modules\@next\swc-linux-arm64-gnu
105 silly reify mark deleted [
105 silly reify   'C:\\Users\\wisdo\\OneDrive\\Desktop\\codex_projects\\BreachVector\\node_modules\\@next\\swc-linux-arm64-gnu'
105 silly reify ]
106 verbose reify failed optional dependency C:\Users\wisdo\OneDrive\Desktop\codex_projects\BreachVector\node_modules\@next\swc-darwin-x64
107 silly reify mark deleted [
107 silly reify   'C:\\Users\\wisdo\\OneDrive\\Desktop\\codex_projects\\BreachVector\\node_modules\\@next\\swc-darwin-x64'
107 silly reify ]
108 verbose reify failed optional dependency C:\Users\wisdo\OneDrive\Desktop\codex_projects\BreachVector\node_modules\@next\swc-darwin-arm64
109 silly reify mark deleted [
109 silly reify   'C:\\Users\\wisdo\\OneDrive\\Desktop\\codex_projects\\BreachVector\\node_modules\\@next\\swc-darwin-arm64'
109 silly reify ]
110 verbose reify failed optional dependency C:\Users\wisdo\OneDrive\Desktop\codex_projects\BreachVector\node_modules\@img\sharp-win32-ia32
111 silly reify mark deleted [
111 silly reify   'C:\\Users\\wisdo\\OneDrive\\Desktop\\codex_projects\\BreachVector\\node_modules\\@img\\sharp-win32-ia32'
111 silly reify ]
112 verbose reify failed optional dependency C:\Users\wisdo\OneDrive\Desktop\codex_projects\BreachVector\node_modules\@img\sharp-win32-arm64
113 silly reify mark deleted [
113 silly reify   'C:\\Users\\wisdo\\OneDrive\\Desktop\\codex_projects\\BreachVector\\node_modules\\@img\\sharp-win32-arm64'
113 silly reify ]
114 verbose reify failed optional dependency C:\Users\wisdo\OneDrive\Desktop\codex_projects\BreachVector\node_modules\@img\sharp-wasm32
115 silly reify mark deleted [
115 silly reify   'C:\\Users\\wisdo\\OneDrive\\Desktop\\codex_projects\\BreachVector\\node_modules\\@img\\sharp-wasm32'
115 silly reify ]
116 verbose reify failed optional dependency C:\Users\wisdo\OneDrive\Desktop\codex_projects\BreachVector\node_modules\@img\sharp-linuxmusl-x64
117 silly reify mark deleted [
117 silly reify   'C:\\Users\\wisdo\\OneDrive\\Desktop\\codex_projects\\BreachVector\\node_modules\\@img\\sharp-linuxmusl-x64'
117 silly reify ]
118 verbose reify failed optional dependency C:\Users\wisdo\OneDrive\Desktop\codex_projects\BreachVector\node_modules\@img\sharp-linuxmusl-arm64
119 silly reify mark deleted [
119 silly reify   'C:\\Users\\wisdo\\OneDrive\\Desktop\\codex_projects\\BreachVector\\node_modules\\@img\\sharp-linuxmusl-arm64'
119 silly reify ]
120 verbose reify failed optional dependency C:\Users\wisdo\OneDrive\Desktop\codex_projects\BreachVector\node_modules\@img\sharp-linux-x64
121 silly reify mark deleted [
121 silly reify   'C:\\Users\\wisdo\\OneDrive\\Desktop\\codex_projects\\BreachVector\\node_modules\\@img\\sharp-linux-x64'
121 silly reify ]
122 verbose reify failed optional dependency C:\Users\wisdo\OneDrive\Desktop\codex_projects\BreachVector\node_modules\@img\sharp-linux-s390x
123 silly reify mark deleted [
123 silly reify   'C:\\Users\\wisdo\\OneDrive\\Desktop\\codex_projects\\BreachVector\\node_modules\\@img\\sharp-linux-s390x'
123 silly reify ]
124 verbose reify failed optional dependency C:\Users\wisdo\OneDrive\Desktop\codex_projects\BreachVector\node_modules\@img\sharp-linux-riscv64
125 silly reify mark deleted [
125 silly reify   'C:\\Users\\wisdo\\OneDrive\\Desktop\\codex_projects\\BreachVector\\node_modules\\@img\\sharp-linux-riscv64'
125 silly reify ]
126 verbose reify failed optional dependency C:\Users\wisdo\OneDrive\Desktop\codex_projects\BreachVector\node_modules\@img\sharp-linux-ppc64
127 silly reify mark deleted [
127 silly reify   'C:\\Users\\wisdo\\OneDrive\\Desktop\\codex_projects\\BreachVector\\node_modules\\@img\\sharp-linux-ppc64'
127 silly reify ]
128 verbose reify failed optional dependency C:\Users\wisdo\OneDrive\Desktop\codex_projects\BreachVector\node_modules\@img\sharp-linux-arm64
129 silly reify mark deleted [
129 silly reify   'C:\\Users\\wisdo\\OneDrive\\Desktop\\codex_projects\\BreachVector\\node_modules\\@img\\sharp-linux-arm64'
129 silly reify ]
130 verbose reify failed optional dependency C:\Users\wisdo\OneDrive\Desktop\codex_projects\BreachVector\node_modules\@img\sharp-linux-arm
131 silly reify mark deleted [
131 silly reify   'C:\\Users\\wisdo\\OneDrive\\Desktop\\codex_projects\\BreachVector\\node_modules\\@img\\sharp-linux-arm'
131 silly reify ]
132 verbose reify failed optional dependency C:\Users\wisdo\OneDrive\Desktop\codex_projects\BreachVector\node_modules\@img\sharp-libvips-linuxmusl-x64
133 silly reify mark deleted [
133 silly reify   'C:\\Users\\wisdo\\OneDrive\\Desktop\\codex_projects\\BreachVector\\node_modules\\@img\\sharp-libvips-linuxmusl-x64'
133 silly reify ]
134 verbose reify failed optional dependency C:\Users\wisdo\OneDrive\Desktop\codex_projects\BreachVector\node_modules\@img\sharp-libvips-linuxmusl-arm64
135 silly reify mark deleted [
135 silly reify   'C:\\Users\\wisdo\\OneDrive\\Desktop\\codex_projects\\BreachVector\\node_modules\\@img\\sharp-libvips-linuxmusl-arm64'
135 silly reify ]
136 verbose reify failed optional dependency C:\Users\wisdo\OneDrive\Desktop\codex_projects\BreachVector\node_modules\@img\sharp-libvips-linux-x64
137 silly reify mark deleted [
137 silly reify   'C:\\Users\\wisdo\\OneDrive\\Desktop\\codex_projects\\BreachVector\\node_modules\\@img\\sharp-libvips-linux-x64'
137 silly reify ]
138 verbose reify failed optional dependency C:\Users\wisdo\OneDrive\Desktop\codex_projects\BreachVector\node_modules\@img\sharp-libvips-linux-s390x
139 silly reify mark deleted [
139 silly reify   'C:\\Users\\wisdo\\OneDrive\\Desktop\\codex_projects\\BreachVector\\node_modules\\@img\\sharp-libvips-linux-s390x'
139 silly reify ]
140 verbose reify failed optional dependency C:\Users\wisdo\OneDrive\Desktop\codex_projects\BreachVector\node_modules\@img\sharp-libvips-linux-riscv64
141 silly reify mark deleted [
141 silly reify   'C:\\Users\\wisdo\\OneDrive\\Desktop\\codex_projects\\BreachVector\\node_modules\\@img\\sharp-libvips-linux-riscv64'
141 silly reify ]
142 verbose reify failed optional dependency C:\Users\wisdo\OneDrive\Desktop\codex_projects\BreachVector\node_modules\@img\sharp-libvips-linux-ppc64
143 silly reify mark deleted [
143 silly reify   'C:\\Users\\wisdo\\OneDrive\\Desktop\\codex_projects\\BreachVector\\node_modules\\@img\\sharp-libvips-linux-ppc64'
143 silly reify ]
144 verbose reify failed optional dependency C:\Users\wisdo\OneDrive\Desktop\codex_projects\BreachVector\node_modules\@img\sharp-libvips-linux-arm64
145 silly reify mark deleted [
145 silly reify   'C:\\Users\\wisdo\\OneDrive\\Desktop\\codex_projects\\BreachVector\\node_modules\\@img\\sharp-libvips-linux-arm64'
145 silly reify ]
146 verbose reify failed optional dependency C:\Users\wisdo\OneDrive\Desktop\codex_projects\BreachVector\node_modules\@img\sharp-libvips-linux-arm
147 silly reify mark deleted [
147 silly reify   'C:\\Users\\wisdo\\OneDrive\\Desktop\\codex_projects\\BreachVector\\node_modules\\@img\\sharp-libvips-linux-arm'
147 silly reify ]
148 verbose reify failed optional dependency C:\Users\wisdo\OneDrive\Desktop\codex_projects\BreachVector\node_modules\@img\sharp-libvips-darwin-x64
149 silly reify mark deleted [
149 silly reify   'C:\\Users\\wisdo\\OneDrive\\Desktop\\codex_projects\\BreachVector\\node_modules\\@img\\sharp-libvips-darwin-x64'
149 silly reify ]
150 verbose reify failed optional dependency C:\Users\wisdo\OneDrive\Desktop\codex_projects\BreachVector\node_modules\@img\sharp-libvips-darwin-arm64
151 silly reify mark deleted [
151 silly reify   'C:\\Users\\wisdo\\OneDrive\\Desktop\\codex_projects\\BreachVector\\node_modules\\@img\\sharp-libvips-darwin-arm64'
151 silly reify ]
152 verbose reify failed optional dependency C:\Users\wisdo\OneDrive\Desktop\codex_projects\BreachVector\node_modules\@img\sharp-darwin-x64
153 silly reify mark deleted [
153 silly reify   'C:\\Users\\wisdo\\OneDrive\\Desktop\\codex_projects\\BreachVector\\node_modules\\@img\\sharp-darwin-x64'
153 silly reify ]
154 verbose reify failed optional dependency C:\Users\wisdo\OneDrive\Desktop\codex_projects\BreachVector\node_modules\@img\sharp-darwin-arm64
155 silly reify mark deleted [
155 silly reify   'C:\\Users\\wisdo\\OneDrive\\Desktop\\codex_projects\\BreachVector\\node_modules\\@img\\sharp-darwin-arm64'
155 silly reify ]
156 verbose reify failed optional dependency C:\Users\wisdo\OneDrive\Desktop\codex_projects\BreachVector\node_modules\@esbuild\win32-ia32
157 silly reify mark deleted [
157 silly reify   'C:\\Users\\wisdo\\OneDrive\\Desktop\\codex_projects\\BreachVector\\node_modules\\@esbuild\\win32-ia32'
157 silly reify ]
158 verbose reify failed optional dependency C:\Users\wisdo\OneDrive\Desktop\codex_projects\BreachVector\node_modules\@esbuild\win32-arm64
159 silly reify mark deleted [
159 silly reify   'C:\\Users\\wisdo\\OneDrive\\Desktop\\codex_projects\\BreachVector\\node_modules\\@esbuild\\win32-arm64'
159 silly reify ]
160 verbose reify failed optional dependency C:\Users\wisdo\OneDrive\Desktop\codex_projects\BreachVector\node_modules\@esbuild\sunos-x64
161 silly reify mark deleted [
161 silly reify   'C:\\Users\\wisdo\\OneDrive\\Desktop\\codex_projects\\BreachVector\\node_modules\\@esbuild\\sunos-x64'
161 silly reify ]
162 verbose reify failed optional dependency C:\Users\wisdo\OneDrive\Desktop\codex_projects\BreachVector\node_modules\@esbuild\openharmony-arm64
163 silly reify mark deleted [
163 silly reify   'C:\\Users\\wisdo\\OneDrive\\Desktop\\codex_projects\\BreachVector\\node_modules\\@esbuild\\openharmony-arm64'
163 silly reify ]
164 verbose reify failed optional dependency C:\Users\wisdo\OneDrive\Desktop\codex_projects\BreachVector\node_modules\@esbuild\openbsd-x64
165 silly reify mark deleted [
165 silly reify   'C:\\Users\\wisdo\\OneDrive\\Desktop\\codex_projects\\BreachVector\\node_modules\\@esbuild\\openbsd-x64'
165 silly reify ]
166 verbose reify failed optional dependency C:\Users\wisdo\OneDrive\Desktop\codex_projects\BreachVector\node_modules\@esbuild\openbsd-arm64
167 silly reify mark deleted [
167 silly reify   'C:\\Users\\wisdo\\OneDrive\\Desktop\\codex_projects\\BreachVector\\node_modules\\@esbuild\\openbsd-arm64'
167 silly reify ]
168 verbose reify failed optional dependency C:\Users\wisdo\OneDrive\Desktop\codex_projects\BreachVector\node_modules\@esbuild\netbsd-x64
169 silly reify mark deleted [
169 silly reify   'C:\\Users\\wisdo\\OneDrive\\Desktop\\codex_projects\\BreachVector\\node_modules\\@esbuild\\netbsd-x64'
169 silly reify ]
170 verbose reify failed optional dependency C:\Users\wisdo\OneDrive\Desktop\codex_projects\BreachVector\node_modules\@esbuild\netbsd-arm64
171 silly reify mark deleted [
171 silly reify   'C:\\Users\\wisdo\\OneDrive\\Desktop\\codex_projects\\BreachVector\\node_modules\\@esbuild\\netbsd-arm64'
171 silly reify ]
172 verbose reify failed optional dependency C:\Users\wisdo\OneDrive\Desktop\codex_projects\BreachVector\node_modules\@esbuild\linux-x64
173 silly reify mark deleted [
173 silly reify   'C:\\Users\\wisdo\\OneDrive\\Desktop\\codex_projects\\BreachVector\\node_modules\\@esbuild\\linux-x64'
173 silly reify ]
174 verbose reify failed optional dependency C:\Users\wisdo\OneDrive\Desktop\codex_projects\BreachVector\node_modules\@esbuild\linux-s390x
175 silly reify mark deleted [
175 silly reify   'C:\\Users\\wisdo\\OneDrive\\Desktop\\codex_projects\\BreachVector\\node_modules\\@esbuild\\linux-s390x'
175 silly reify ]
176 verbose reify failed optional dependency C:\Users\wisdo\OneDrive\Desktop\codex_projects\BreachVector\node_modules\@esbuild\linux-riscv64
177 silly reify mark deleted [
177 silly reify   'C:\\Users\\wisdo\\OneDrive\\Desktop\\codex_projects\\BreachVector\\node_modules\\@esbuild\\linux-riscv64'
177 silly reify ]
178 verbose reify failed optional dependency C:\Users\wisdo\OneDrive\Desktop\codex_projects\BreachVector\node_modules\@esbuild\linux-ppc64
179 silly reify mark deleted [
179 silly reify   'C:\\Users\\wisdo\\OneDrive\\Desktop\\codex_projects\\BreachVector\\node_modules\\@esbuild\\linux-ppc64'
179 silly reify ]
180 verbose reify failed optional dependency C:\Users\wisdo\OneDrive\Desktop\codex_projects\BreachVector\node_modules\@esbuild\linux-mips64el
181 silly reify mark deleted [
181 silly reify   'C:\\Users\\wisdo\\OneDrive\\Desktop\\codex_projects\\BreachVector\\node_modules\\@esbuild\\linux-mips64el'
181 silly reify ]
182 verbose reify failed optional dependency C:\Users\wisdo\OneDrive\Desktop\codex_projects\BreachVector\node_modules\@esbuild\linux-loong64
183 silly reify mark deleted [
183 silly reify   'C:\\Users\\wisdo\\OneDrive\\Desktop\\codex_projects\\BreachVector\\node_modules\\@esbuild\\linux-loong64'
183 silly reify ]
184 verbose reify failed optional dependency C:\Users\wisdo\OneDrive\Desktop\codex_projects\BreachVector\node_modules\@esbuild\linux-ia32
185 silly reify mark deleted [
185 silly reify   'C:\\Users\\wisdo\\OneDrive\\Desktop\\codex_projects\\BreachVector\\node_modules\\@esbuild\\linux-ia32'
185 silly reify ]
186 verbose reify failed optional dependency C:\Users\wisdo\OneDrive\Desktop\codex_projects\BreachVector\node_modules\@esbuild\linux-arm64
187 silly reify mark deleted [
187 silly reify   'C:\\Users\\wisdo\\OneDrive\\Desktop\\codex_projects\\BreachVector\\node_modules\\@esbuild\\linux-arm64'
187 silly reify ]
188 verbose reify failed optional dependency C:\Users\wisdo\OneDrive\Desktop\codex_projects\BreachVector\node_modules\@esbuild\linux-arm
189 silly reify mark deleted [
189 silly reify   'C:\\Users\\wisdo\\OneDrive\\Desktop\\codex_projects\\BreachVector\\node_modules\\@esbuild\\linux-arm'
189 silly reify ]
190 verbose reify failed optional dependency C:\Users\wisdo\OneDrive\Desktop\codex_projects\BreachVector\node_modules\@esbuild\freebsd-x64
191 silly reify mark deleted [
191 silly reify   'C:\\Users\\wisdo\\OneDrive\\Desktop\\codex_projects\\BreachVector\\node_modules\\@esbuild\\freebsd-x64'
191 silly reify ]
192 verbose reify failed optional dependency C:\Users\wisdo\OneDrive\Desktop\codex_projects\BreachVector\node_modules\@esbuild\freebsd-arm64
193 silly reify mark deleted [
193 silly reify   'C:\\Users\\wisdo\\OneDrive\\Desktop\\codex_projects\\BreachVector\\node_modules\\@esbuild\\freebsd-arm64'
193 silly reify ]
194 verbose reify failed optional dependency C:\Users\wisdo\OneDrive\Desktop\codex_projects\BreachVector\node_modules\@esbuild\darwin-x64
195 silly reify mark deleted [
195 silly reify   'C:\\Users\\wisdo\\OneDrive\\Desktop\\codex_projects\\BreachVector\\node_modules\\@esbuild\\darwin-x64'
195 silly reify ]
196 verbose reify failed optional dependency C:\Users\wisdo\OneDrive\Desktop\codex_projects\BreachVector\node_modules\@esbuild\darwin-arm64
197 silly reify mark deleted [
197 silly reify   'C:\\Users\\wisdo\\OneDrive\\Desktop\\codex_projects\\BreachVector\\node_modules\\@esbuild\\darwin-arm64'
197 silly reify ]
198 verbose reify failed optional dependency C:\Users\wisdo\OneDrive\Desktop\codex_projects\BreachVector\node_modules\@esbuild\android-x64
199 silly reify mark deleted [
199 silly reify   'C:\\Users\\wisdo\\OneDrive\\Desktop\\codex_projects\\BreachVector\\node_modules\\@esbuild\\android-x64'
199 silly reify ]
200 verbose reify failed optional dependency C:\Users\wisdo\OneDrive\Desktop\codex_projects\BreachVector\node_modules\@esbuild\android-arm64
201 silly reify mark deleted [
201 silly reify   'C:\\Users\\wisdo\\OneDrive\\Desktop\\codex_projects\\BreachVector\\node_modules\\@esbuild\\android-arm64'
201 silly reify ]
202 verbose reify failed optional dependency C:\Users\wisdo\OneDrive\Desktop\codex_projects\BreachVector\node_modules\@esbuild\android-arm
203 silly reify mark deleted [
203 silly reify   'C:\\Users\\wisdo\\OneDrive\\Desktop\\codex_projects\\BreachVector\\node_modules\\@esbuild\\android-arm'
203 silly reify ]
204 verbose reify failed optional dependency C:\Users\wisdo\OneDrive\Desktop\codex_projects\BreachVector\node_modules\@esbuild\aix-ppc64
205 silly reify mark deleted [
205 silly reify   'C:\\Users\\wisdo\\OneDrive\\Desktop\\codex_projects\\BreachVector\\node_modules\\@esbuild\\aix-ppc64'
205 silly reify ]
206 http cache pako@https://registry.npmjs.org/pako/-/pako-1.0.11.tgz 0ms (cache hit)
207 http cache @napi-rs/wasm-runtime@https://registry.npmjs.org/@napi-rs/wasm-runtime/-/wasm-runtime-0.2.12.tgz 0ms (cache hit)
208 http cache pdf-lib@https://registry.npmjs.org/pdf-lib/-/pdf-lib-1.17.1.tgz 0ms (cache hit)
209 http cache @emnapi/core@https://registry.npmjs.org/@emnapi/core/-/core-1.9.1.tgz 0ms (cache hit)
210 http cache @pdf-lib/upng@https://registry.npmjs.org/@pdf-lib/upng/-/upng-1.0.1.tgz 0ms (cache hit)
211 http cache @pdf-lib/standard-fonts@https://registry.npmjs.org/@pdf-lib/standard-fonts/-/standard-fonts-1.0.0.tgz 0ms (cache hit)
212 http cache @emnapi/wasi-threads@https://registry.npmjs.org/@emnapi/wasi-threads/-/wasi-threads-1.2.0.tgz 1ms (cache hit)
213 http cache @tybys/wasm-util@https://registry.npmjs.org/@tybys/wasm-util/-/wasm-util-0.10.1.tgz 0ms (cache hit)
214 silly tarball no local data for pako@https://registry.npmjs.org/pako/-/pako-1.0.11.tgz. Extracting by manifest.
215 http cache tslib@https://registry.npmjs.org/tslib/-/tslib-1.14.1.tgz 0ms (cache hit)
216 silly tarball no local data for pdf-lib@https://registry.npmjs.org/pdf-lib/-/pdf-lib-1.17.1.tgz. Extracting by manifest.
217 silly tarball no local data for @pdf-lib/upng@https://registry.npmjs.org/@pdf-lib/upng/-/upng-1.0.1.tgz. Extracting by manifest.
218 silly tarball no local data for @pdf-lib/standard-fonts@https://registry.npmjs.org/@pdf-lib/standard-fonts/-/standard-fonts-1.0.0.tgz. Extracting by manifest.
219 silly tarball no local data for tslib@https://registry.npmjs.org/tslib/-/tslib-1.14.1.tgz. Extracting by manifest.
220 http fetch POST 200 https://registry.npmjs.org/-/npm/v1/security/advisories/bulk 72ms
221 silly audit report {
221 silly audit report   effect: [
221 silly audit report     {
221 silly audit report       id: 1115356,
221 silly audit report       url: 'https://github.com/advisories/GHSA-38f7-945m-qr2g',
221 silly audit report       title: 'Effect `AsyncLocalStorage` context lost/contaminated inside Effect fibers under concurrent load with RPC',
221 silly audit report       severity: 'high',
221 silly audit report       vulnerable_versions: '<3.20.0',
221 silly audit report       cwe: [Array],
221 silly audit report       cvss: [Object]
221 silly audit report     }
221 silly audit report   ]
221 silly audit report }
222 silly packumentCache corgi:https://registry.npmjs.org/effect cache-miss
223 http fetch GET 200 https://registry.npmjs.org/effect 93ms (cache revalidated)
224 silly packumentCache corgi:https://registry.npmjs.org/effect set size:321530 disposed:false
225 silly packumentCache corgi:https://registry.npmjs.org/@prisma%2fconfig cache-miss
226 http fetch GET 200 https://registry.npmjs.org/@prisma%2fconfig 152ms (cache revalidated)
227 silly packumentCache corgi:https://registry.npmjs.org/@prisma%2fconfig set size:1393621 disposed:false
228 silly packumentCache corgi:https://registry.npmjs.org/prisma cache-miss
229 http fetch GET 200 https://registry.npmjs.org/tslib/-/tslib-1.14.1.tgz 380ms (cache miss)
230 http fetch GET 200 https://registry.npmjs.org/prisma 168ms (cache revalidated)
231 silly packumentCache corgi:https://registry.npmjs.org/prisma set size:22707585 disposed:false
232 silly packumentCache corgi:https://registry.npmjs.org/@prisma%2fclient cache-miss
233 http fetch GET 200 https://registry.npmjs.org/@pdf-lib/upng/-/upng-1.0.1.tgz 828ms (cache miss)
234 http fetch GET 200 https://registry.npmjs.org/@prisma%2fclient 248ms (cache revalidated)
235 silly packumentCache corgi:https://registry.npmjs.org/@prisma%2fclient set size:37645621 disposed:false
236 http fetch GET 200 https://registry.npmjs.org/pako/-/pako-1.0.11.tgz 1333ms (cache miss)
237 http fetch GET 200 https://registry.npmjs.org/@pdf-lib/standard-fonts/-/standard-fonts-1.0.0.tgz 1967ms (cache miss)
238 http fetch GET 200 https://registry.npmjs.org/pdf-lib/-/pdf-lib-1.17.1.tgz 4020ms (cache miss)
239 silly ADD node_modules/pako
240 silly ADD node_modules/@pdf-lib/upng
241 silly ADD node_modules/@pdf-lib/standard-fonts
242 silly ADD node_modules/pdf-lib
243 silly ADD node_modules/pdf-lib/node_modules/tslib
244 silly ADD
245 silly ADD
246 silly ADD
247 silly ADD
248 silly ADD
249 silly ADD
250 silly ADD
251 silly ADD
252 silly ADD
253 silly ADD
254 silly ADD
255 silly ADD
256 silly ADD
257 silly ADD
258 silly ADD
259 silly ADD
260 silly ADD
261 silly ADD
262 silly ADD
263 silly ADD
264 silly ADD
265 silly ADD
266 silly ADD
267 silly ADD
268 silly ADD
269 silly ADD
270 silly ADD
271 silly ADD
272 silly ADD
273 silly ADD
274 silly ADD
275 silly ADD
276 silly ADD
277 silly ADD
278 silly ADD
279 silly ADD
280 silly ADD
281 silly ADD
282 silly ADD
283 silly ADD
284 silly ADD
285 silly ADD
286 silly ADD
287 silly ADD
288 silly ADD
289 silly ADD
290 silly ADD
291 silly ADD
292 silly ADD
293 silly ADD
294 silly ADD
295 silly ADD
296 silly ADD
297 silly ADD
298 silly ADD
299 silly ADD
300 silly ADD
301 silly ADD
302 silly ADD
303 silly ADD
304 silly ADD
305 silly ADD
306 silly ADD
307 silly ADD
308 silly ADD
309 silly ADD
310 silly ADD
311 silly ADD
312 silly ADD
313 silly ADD
314 silly ADD
315 silly ADD
316 silly ADD
317 silly ADD
318 silly ADD
319 silly ADD
320 silly ADD
321 silly ADD
322 verbose cwd C:\Users\wisdo\OneDrive\Desktop\codex_projects\BreachVector
323 verbose os Windows_NT 10.0.26200
324 verbose node v22.14.0
325 verbose npm  v10.9.2
326 verbose exit 0
327 info ok
