0 verbose cli C:\Program Files\nodejs\node.exe C:\Program Files\nodejs\node_modules\npm\bin\npm-cli.js
1 info using npm@10.9.2
2 info using node@v22.14.0
3 silly config load:file:C:\Program Files\nodejs\node_modules\npm\npmrc
4 silly config load:file:C:\Users\wisdo\OneDrive\Desktop\codex_projects\BreachLens\.npmrc
5 silly config load:file:C:\Users\wisdo\.npmrc
6 silly config load:file:C:\Users\wisdo\AppData\Roaming\npm\etc\npmrc
7 verbose title npm install @clerk/nextjs
8 verbose argv "install" "@clerk/nextjs" "--cache" ".npm-cache" "--ignore-scripts"
9 verbose logfile logs-max:10 dir:C:\Users\wisdo\OneDrive\Desktop\codex_projects\BreachLens\.npm-cache\_logs\2026-03-28T00_25_03_234Z-
10 verbose logfile C:\Users\wisdo\OneDrive\Desktop\codex_projects\BreachLens\.npm-cache\_logs\2026-03-28T00_25_03_234Z-debug-0.log
11 silly logfile done cleaning log files
12 silly packumentCache heap:4345298944 maxSize:1086324736 maxEntrySize:543162368
13 silly idealTree buildDeps
14 silly fetch manifest @clerk/nextjs@*
15 silly packumentCache full:https://registry.npmjs.org/@clerk%2fnextjs cache-miss
16 verbose shrinkwrap failed to load node_modules/.package-lock.json out of date, updated: node_modules
17 http fetch GET 200 https://registry.npmjs.org/@clerk%2fnextjs 661ms (cache miss)
18 silly packumentCache full:https://registry.npmjs.org/@clerk%2fnextjs set size:undefined disposed:false
19 silly fetch manifest next@^15.0.0
20 silly packumentCache full:https://registry.npmjs.org/next cache-miss
21 http fetch GET 200 https://registry.npmjs.org/next 142ms (cache revalidated)
22 silly packumentCache full:https://registry.npmjs.org/next set size:29807673 disposed:false
23 silly fetch manifest @opentelemetry/api@^1.1.0
24 silly packumentCache full:https://registry.npmjs.org/@opentelemetry%2fapi cache-miss
25 http fetch GET 200 https://registry.npmjs.org/@opentelemetry%2fapi 57ms (cache revalidated)
26 silly packumentCache full:https://registry.npmjs.org/@opentelemetry%2fapi set size:272855 disposed:false
27 silly fetch manifest @playwright/test@^1.51.1
28 silly packumentCache full:https://registry.npmjs.org/@playwright%2ftest cache-miss
29 http fetch GET 200 https://registry.npmjs.org/@playwright%2ftest 143ms (cache revalidated)
30 silly packumentCache full:https://registry.npmjs.org/@playwright%2ftest set size:8887502 disposed:false
31 silly fetch manifest babel-plugin-react-compiler@*
32 silly packumentCache full:https://registry.npmjs.org/babel-plugin-react-compiler cache-miss
33 http fetch GET 200 https://registry.npmjs.org/babel-plugin-react-compiler 59ms (cache revalidated)
34 silly packumentCache full:https://registry.npmjs.org/babel-plugin-react-compiler set size:1297318 disposed:false
35 silly fetch manifest react@^19.0.0
36 silly packumentCache full:https://registry.npmjs.org/react cache-miss
37 http fetch GET 200 https://registry.npmjs.org/react 159ms (cache revalidated)
38 silly packumentCache full:https://registry.npmjs.org/react set size:6569227 disposed:false
39 silly fetch manifest react-dom@^19.0.0
40 silly packumentCache full:https://registry.npmjs.org/react-dom cache-miss
41 http fetch GET 200 https://registry.npmjs.org/react-dom 249ms (cache revalidated)
42 silly packumentCache full:https://registry.npmjs.org/react-dom set size:8729087 disposed:false
43 silly fetch manifest sass@^1.3.0
44 silly packumentCache full:https://registry.npmjs.org/sass cache-miss
45 http fetch GET 200 https://registry.npmjs.org/sass 229ms (cache revalidated)
46 silly packumentCache full:https://registry.npmjs.org/sass set size:724154 disposed:false
47 silly placeDep ROOT @clerk/nextjs@7.0.7 OK for: breachvector@0.1.0 want: *
48 silly fetch manifest server-only@0.0.1
49 silly packumentCache full:https://registry.npmjs.org/server-only cache-miss
50 silly fetch manifest @clerk/react@^6.1.3
51 silly packumentCache full:https://registry.npmjs.org/@clerk%2freact cache-miss
52 silly fetch manifest @clerk/shared@^4.3.2
53 silly packumentCache full:https://registry.npmjs.org/@clerk%2fshared cache-miss
54 silly fetch manifest @clerk/backend@^3.2.3
55 silly packumentCache full:https://registry.npmjs.org/@clerk%2fbackend cache-miss
56 http fetch GET 200 https://registry.npmjs.org/server-only 81ms (cache miss)
57 silly packumentCache full:https://registry.npmjs.org/server-only set size:undefined disposed:false
58 http fetch GET 200 https://registry.npmjs.org/@clerk%2freact 261ms (cache miss)
59 silly packumentCache full:https://registry.npmjs.org/@clerk%2freact set size:undefined disposed:false
60 http fetch GET 200 https://registry.npmjs.org/@clerk%2fshared 564ms (cache miss)
61 silly packumentCache full:https://registry.npmjs.org/@clerk%2fshared set size:undefined disposed:false
62 http fetch GET 200 https://registry.npmjs.org/@clerk%2fbackend 697ms (cache miss)
63 silly packumentCache full:https://registry.npmjs.org/@clerk%2fbackend set size:undefined disposed:false
64 silly fetch manifest react@^18.0.0 || ~19.0.3 || ~19.1.4 || ~19.2.3 || ~19.3.0-0
65 silly packumentCache full:https://registry.npmjs.org/react cache-miss
66 http cache https://registry.npmjs.org/react 34ms (cache hit)
67 silly packumentCache full:https://registry.npmjs.org/react set size:6569227 disposed:false
68 silly fetch manifest react-dom@^18.0.0 || ~19.0.3 || ~19.1.4 || ~19.2.3 || ~19.3.0-0
69 silly packumentCache full:https://registry.npmjs.org/react-dom cache-miss
70 http cache https://registry.npmjs.org/react-dom 25ms (cache hit)
71 silly packumentCache full:https://registry.npmjs.org/react-dom set size:8729087 disposed:false
72 silly placeDep ROOT @clerk/backend@3.2.3 OK for: @clerk/nextjs@7.0.7 want: ^3.2.3
73 silly placeDep ROOT @clerk/react@6.1.3 OK for: @clerk/nextjs@7.0.7 want: ^6.1.3
74 silly placeDep ROOT @clerk/shared@4.3.2 OK for: @clerk/nextjs@7.0.7 want: ^4.3.2
75 silly placeDep ROOT server-only@0.0.1 OK for: @clerk/nextjs@7.0.7 want: 0.0.1
76 silly fetch manifest standardwebhooks@^1.0.0
77 silly packumentCache full:https://registry.npmjs.org/standardwebhooks cache-miss
78 silly fetch manifest dequal@2.0.3
79 silly packumentCache full:https://registry.npmjs.org/dequal cache-miss
80 silly fetch manifest std-env@^3.9.0
81 silly packumentCache full:https://registry.npmjs.org/std-env cache-miss
82 silly fetch manifest js-cookie@3.0.5
83 silly packumentCache full:https://registry.npmjs.org/js-cookie cache-miss
84 silly fetch manifest glob-to-regexp@0.4.1
85 silly packumentCache full:https://registry.npmjs.org/glob-to-regexp cache-miss
86 silly fetch manifest @tanstack/query-core@5.90.16
87 silly packumentCache full:https://registry.npmjs.org/@tanstack%2fquery-core cache-miss
88 http fetch GET 200 https://registry.npmjs.org/std-env 80ms (cache miss)
89 silly packumentCache full:https://registry.npmjs.org/std-env set size:undefined disposed:false
90 http fetch GET 200 https://registry.npmjs.org/dequal 90ms (cache miss)
91 silly packumentCache full:https://registry.npmjs.org/dequal set size:undefined disposed:false
92 http fetch GET 200 https://registry.npmjs.org/standardwebhooks 101ms (cache miss)
93 silly packumentCache full:https://registry.npmjs.org/standardwebhooks set size:undefined disposed:false
94 http fetch GET 200 https://registry.npmjs.org/js-cookie 115ms (cache miss)
95 silly packumentCache full:https://registry.npmjs.org/js-cookie set size:undefined disposed:false
96 http fetch GET 200 https://registry.npmjs.org/glob-to-regexp 144ms (cache miss)
97 silly packumentCache full:https://registry.npmjs.org/glob-to-regexp set size:undefined disposed:false
98 http fetch GET 200 https://registry.npmjs.org/@tanstack%2fquery-core 197ms (cache miss)
99 silly packumentCache full:https://registry.npmjs.org/@tanstack%2fquery-core set size:undefined disposed:false
100 silly placeDep ROOT standardwebhooks@1.0.0 OK for: @clerk/backend@3.2.3 want: ^1.0.0
101 silly fetch manifest @stablelib/base64@^1.0.0
102 silly packumentCache full:https://registry.npmjs.org/@stablelib%2fbase64 cache-miss
103 silly fetch manifest fast-sha256@^1.3.0
104 silly packumentCache full:https://registry.npmjs.org/fast-sha256 cache-miss
105 http fetch GET 200 https://registry.npmjs.org/@stablelib%2fbase64 103ms (cache miss)
106 silly packumentCache full:https://registry.npmjs.org/@stablelib%2fbase64 set size:undefined disposed:false
107 http fetch GET 200 https://registry.npmjs.org/fast-sha256 132ms (cache miss)
108 silly packumentCache full:https://registry.npmjs.org/fast-sha256 set size:undefined disposed:false
109 silly placeDep ROOT @tanstack/query-core@5.90.16 OK for: @clerk/shared@4.3.2 want: 5.90.16
110 silly placeDep ROOT dequal@2.0.3 OK for: @clerk/shared@4.3.2 want: 2.0.3
111 silly placeDep ROOT glob-to-regexp@0.4.1 OK for: @clerk/shared@4.3.2 want: 0.4.1
112 silly placeDep ROOT js-cookie@3.0.5 OK for: @clerk/shared@4.3.2 want: 3.0.5
113 silly placeDep ROOT std-env@3.10.0 OK for: @clerk/shared@4.3.2 want: ^3.9.0
114 silly placeDep ROOT @stablelib/base64@1.0.1 OK for: standardwebhooks@1.0.0 want: ^1.0.0
115 silly placeDep ROOT fast-sha256@1.3.0 OK for: standardwebhooks@1.0.0 want: ^1.3.0
116 silly reify moves {}
117 silly audit bulk request {
117 silly audit   '@alloc/quick-lru': [ '5.2.0' ],
117 silly audit   '@emnapi/core': [ '1.9.1' ],
117 silly audit   '@emnapi/runtime': [ '1.9.1' ],
117 silly audit   '@emnapi/wasi-threads': [ '1.2.0' ],
117 silly audit   '@esbuild/aix-ppc64': [ '0.27.4' ],
117 silly audit   '@esbuild/android-arm': [ '0.27.4' ],
117 silly audit   '@esbuild/android-arm64': [ '0.27.4' ],
117 silly audit   '@esbuild/android-x64': [ '0.27.4' ],
117 silly audit   '@esbuild/darwin-arm64': [ '0.27.4' ],
117 silly audit   '@esbuild/darwin-x64': [ '0.27.4' ],
117 silly audit   '@esbuild/freebsd-arm64': [ '0.27.4' ],
117 silly audit   '@esbuild/freebsd-x64': [ '0.27.4' ],
117 silly audit   '@esbuild/linux-arm': [ '0.27.4' ],
117 silly audit   '@esbuild/linux-arm64': [ '0.27.4' ],
117 silly audit   '@esbuild/linux-ia32': [ '0.27.4' ],
117 silly audit   '@esbuild/linux-loong64': [ '0.27.4' ],
117 silly audit   '@esbuild/linux-mips64el': [ '0.27.4' ],
117 silly audit   '@esbuild/linux-ppc64': [ '0.27.4' ],
117 silly audit   '@esbuild/linux-riscv64': [ '0.27.4' ],
117 silly audit   '@esbuild/linux-s390x': [ '0.27.4' ],
117 silly audit   '@esbuild/linux-x64': [ '0.27.4' ],
117 silly audit   '@esbuild/netbsd-arm64': [ '0.27.4' ],
117 silly audit   '@esbuild/netbsd-x64': [ '0.27.4' ],
117 silly audit   '@esbuild/openbsd-arm64': [ '0.27.4' ],
117 silly audit   '@esbuild/openbsd-x64': [ '0.27.4' ],
117 silly audit   '@esbuild/openharmony-arm64': [ '0.27.4' ],
117 silly audit   '@esbuild/sunos-x64': [ '0.27.4' ],
117 silly audit   '@esbuild/win32-arm64': [ '0.27.4' ],
117 silly audit   '@esbuild/win32-ia32': [ '0.27.4' ],
117 silly audit   '@esbuild/win32-x64': [ '0.27.4' ],
117 silly audit   '@eslint-community/eslint-utils': [ '4.9.1' ],
117 silly audit   'eslint-visitor-keys': [ '3.4.3', '5.0.1', '4.2.1' ],
117 silly audit   '@eslint-community/regexpp': [ '4.12.2' ],
117 silly audit   '@eslint/config-array': [ '0.21.2' ],
117 silly audit   '@eslint/config-helpers': [ '0.4.2' ],
117 silly audit   '@eslint/core': [ '0.17.0' ],
117 silly audit   '@eslint/eslintrc': [ '3.3.5' ],
117 silly audit   '@eslint/js': [ '9.39.4' ],
117 silly audit   '@eslint/object-schema': [ '2.1.7' ],
117 silly audit   '@eslint/plugin-kit': [ '0.4.1' ],
117 silly audit   '@humanfs/core': [ '0.19.1' ],
117 silly audit   '@humanfs/node': [ '0.16.7' ],
117 silly audit   '@humanwhocodes/module-importer': [ '1.0.1' ],
117 silly audit   '@humanwhocodes/retry': [ '0.4.3' ],
117 silly audit   '@img/colour': [ '1.1.0' ],
117 silly audit   '@img/sharp-darwin-arm64': [ '0.34.5' ],
117 silly audit   '@img/sharp-darwin-x64': [ '0.34.5' ],
117 silly audit   '@img/sharp-libvips-darwin-arm64': [ '1.2.4' ],
117 silly audit   '@img/sharp-libvips-darwin-x64': [ '1.2.4' ],
117 silly audit   '@img/sharp-libvips-linux-arm': [ '1.2.4' ],
117 silly audit   '@img/sharp-libvips-linux-arm64': [ '1.2.4' ],
117 silly audit   '@img/sharp-libvips-linux-ppc64': [ '1.2.4' ],
117 silly audit   '@img/sharp-libvips-linux-riscv64': [ '1.2.4' ],
117 silly audit   '@img/sharp-libvips-linux-s390x': [ '1.2.4' ],
117 silly audit   '@img/sharp-libvips-linux-x64': [ '1.2.4' ],
117 silly audit   '@img/sharp-libvips-linuxmusl-arm64': [ '1.2.4' ],
117 silly audit   '@img/sharp-libvips-linuxmusl-x64': [ '1.2.4' ],
117 silly audit   '@img/sharp-linux-arm': [ '0.34.5' ],
117 silly audit   '@img/sharp-linux-arm64': [ '0.34.5' ],
117 silly audit   '@img/sharp-linux-ppc64': [ '0.34.5' ],
117 silly audit   '@img/sharp-linux-riscv64': [ '0.34.5' ],
117 silly audit   '@img/sharp-linux-s390x': [ '0.34.5' ],
117 silly audit   '@img/sharp-linux-x64': [ '0.34.5' ],
117 silly audit   '@img/sharp-linuxmusl-arm64': [ '0.34.5' ],
117 silly audit   '@img/sharp-linuxmusl-x64': [ '0.34.5' ],
117 silly audit   '@img/sharp-wasm32': [ '0.34.5' ],
117 silly audit   '@img/sharp-win32-arm64': [ '0.34.5' ],
117 silly audit   '@img/sharp-win32-ia32': [ '0.34.5' ],
117 silly audit   '@img/sharp-win32-x64': [ '0.34.5' ],
117 silly audit   '@jridgewell/gen-mapping': [ '0.3.13' ],
117 silly audit   '@jridgewell/resolve-uri': [ '3.1.2' ],
117 silly audit   '@jridgewell/sourcemap-codec': [ '1.5.5' ],
117 silly audit   '@jridgewell/trace-mapping': [ '0.3.31' ],
117 silly audit   '@napi-rs/wasm-runtime': [ '0.2.12' ],
117 silly audit   '@next/env': [ '15.5.14' ],
117 silly audit   '@next/eslint-plugin-next': [ '15.5.14' ],
117 silly audit   '@next/swc-darwin-arm64': [ '15.5.14' ],
117 silly audit   '@next/swc-darwin-x64': [ '15.5.14' ],
117 silly audit   '@next/swc-linux-arm64-gnu': [ '15.5.14' ],
117 silly audit   '@next/swc-linux-arm64-musl': [ '15.5.14' ],
117 silly audit   '@next/swc-linux-x64-gnu': [ '15.5.14' ],
117 silly audit   '@next/swc-linux-x64-musl': [ '15.5.14' ],
117 silly audit   '@next/swc-win32-arm64-msvc': [ '15.5.14' ],
117 silly audit   '@next/swc-win32-x64-msvc': [ '15.5.14' ],
117 silly audit   '@nodelib/fs.scandir': [ '2.1.5' ],
117 silly audit   '@nodelib/fs.stat': [ '2.0.5' ],
117 silly audit   '@nodelib/fs.walk': [ '1.2.8' ],
117 silly audit   '@nolyfill/is-core-module': [ '1.0.39' ],
117 silly audit   '@prisma/client': [ '6.19.2' ],
117 silly audit   '@prisma/config': [ '6.19.2' ],
117 silly audit   '@prisma/debug': [ '6.19.2' ],
117 silly audit   '@prisma/engines': [ '6.19.2' ],
117 silly audit   '@prisma/engines-version': [ '7.1.1-3.c2990dca591cba766e3b7ef5d9e8a84796e47ab7' ],
117 silly audit   '@prisma/fetch-engine': [ '6.19.2' ],
117 silly audit   '@prisma/get-platform': [ '6.19.2' ],
117 silly audit   '@radix-ui/react-compose-refs': [ '1.1.2' ],
117 silly audit   '@radix-ui/react-slot': [ '1.2.4' ],
117 silly audit   '@rtsao/scc': [ '1.1.0' ],
117 silly audit   '@rushstack/eslint-patch': [ '1.16.1' ],
117 silly audit   '@standard-schema/spec': [ '1.1.0' ],
117 silly audit   '@swc/helpers': [ '0.5.15' ],
117 silly audit   '@tybys/wasm-util': [ '0.10.1' ],
117 silly audit   '@types/estree': [ '1.0.8' ],
117 silly audit   '@types/json-schema': [ '7.0.15' ],
117 silly audit   '@types/json5': [ '0.0.29' ],
117 silly audit   '@types/node': [ '22.19.15' ],
117 silly audit   '@types/react': [ '19.2.14' ],
117 silly audit   '@types/react-dom': [ '19.2.3' ],
117 silly audit   '@typescript-eslint/eslint-plugin': [ '8.57.2' ],
117 silly audit   ignore: [ '7.0.5', '5.3.2' ],
117 silly audit   '@typescript-eslint/parser': [ '8.57.2' ],
117 silly audit   '@typescript-eslint/project-service': [ '8.57.2' ],
117 silly audit   '@typescript-eslint/scope-manager': [ '8.57.2' ],
117 silly audit   '@typescript-eslint/tsconfig-utils': [ '8.57.2' ],
117 silly audit   '@typescript-eslint/type-utils': [ '8.57.2' ],
117 silly audit   '@typescript-eslint/types': [ '8.57.2' ],
117 silly audit   '@typescript-eslint/typescript-estree': [ '8.57.2' ],
117 silly audit   'balanced-match': [ '4.0.4', '1.0.2' ],
117 silly audit   'brace-expansion': [ '5.0.5', '1.1.13' ],
117 silly audit   minimatch: [ '10.2.4', '3.1.5' ],
117 silly audit   '@typescript-eslint/utils': [ '8.57.2' ],
117 silly audit   '@typescript-eslint/visitor-keys': [ '8.57.2' ],
117 silly audit   '@unrs/resolver-binding-android-arm-eabi': [ '1.11.1' ],
117 silly audit   '@unrs/resolver-binding-android-arm64': [ '1.11.1' ],
117 silly audit   '@unrs/resolver-binding-darwin-arm64': [ '1.11.1' ],
117 silly audit   '@unrs/resolver-binding-darwin-x64': [ '1.11.1' ],
117 silly audit   '@unrs/resolver-binding-freebsd-x64': [ '1.11.1' ],
117 silly audit   '@unrs/resolver-binding-linux-arm-gnueabihf': [ '1.11.1' ],
117 silly audit   '@unrs/resolver-binding-linux-arm-musleabihf': [ '1.11.1' ],
117 silly audit   '@unrs/resolver-binding-linux-arm64-gnu': [ '1.11.1' ],
117 silly audit   '@unrs/resolver-binding-linux-arm64-musl': [ '1.11.1' ],
117 silly audit   '@unrs/resolver-binding-linux-ppc64-gnu': [ '1.11.1' ],
117 silly audit   '@unrs/resolver-binding-linux-riscv64-gnu': [ '1.11.1' ],
117 silly audit   '@unrs/resolver-binding-linux-riscv64-musl': [ '1.11.1' ],
117 silly audit   '@unrs/resolver-binding-linux-s390x-gnu': [ '1.11.1' ],
117 silly audit   '@unrs/resolver-binding-linux-x64-gnu': [ '1.11.1' ],
117 silly audit   '@unrs/resolver-binding-linux-x64-musl': [ '1.11.1' ],
117 silly audit   '@unrs/resolver-binding-wasm32-wasi': [ '1.11.1' ],
117 silly audit   '@unrs/resolver-binding-win32-arm64-msvc': [ '1.11.1' ],
117 silly audit   '@unrs/resolver-binding-win32-ia32-msvc': [ '1.11.1' ],
117 silly audit   '@unrs/resolver-binding-win32-x64-msvc': [ '1.11.1' ],
117 silly audit   acorn: [ '8.16.0' ],
117 silly audit   'acorn-jsx': [ '5.3.2' ],
117 silly audit   ajv: [ '6.14.0' ],
117 silly audit   'ansi-styles': [ '4.3.0' ],
117 silly audit   'any-promise': [ '1.3.0' ],
117 silly audit   anymatch: [ '3.1.3' ],
117 silly audit   arg: [ '5.0.2' ],
117 silly audit   argparse: [ '2.0.1' ],
117 silly audit   'aria-query': [ '5.3.2' ],
117 silly audit   'array-buffer-byte-length': [ '1.0.2' ],
117 silly audit   'array-includes': [ '3.1.9' ],
117 silly audit   'array.prototype.findlast': [ '1.2.5' ],
117 silly audit   'array.prototype.findlastindex': [ '1.2.6' ],
117 silly audit   'array.prototype.flat': [ '1.3.3' ],
117 silly audit   'array.prototype.flatmap': [ '1.3.3' ],
117 silly audit   'array.prototype.tosorted': [ '1.1.4' ],
117 silly audit   'arraybuffer.prototype.slice': [ '1.0.4' ],
117 silly audit   'ast-types-flow': [ '0.0.8' ],
117 silly audit   'async-function': [ '1.0.0' ],
117 silly audit   autoprefixer: [ '10.4.27' ],
117 silly audit   'available-typed-arrays': [ '1.0.7' ],
117 silly audit   'axe-core': [ '4.11.1' ],
117 silly audit   'axobject-query': [ '4.1.0' ],
117 silly audit   'baseline-browser-mapping': [ '2.10.11' ],
117 silly audit   'binary-extensions': [ '2.3.0' ],
117 silly audit   braces: [ '3.0.3' ],
117 silly audit   browserslist: [ '4.28.1' ],
117 silly audit   c12: [ '3.1.0' ],
117 silly audit   'call-bind': [ '1.0.8' ],
117 silly audit   'call-bind-apply-helpers': [ '1.0.2' ],
117 silly audit   'call-bound': [ '1.0.4' ],
117 silly audit   callsites: [ '3.1.0' ],
117 silly audit   'camelcase-css': [ '2.0.1' ],
117 silly audit   'caniuse-lite': [ '1.0.30001781' ],
117 silly audit   chalk: [ '4.1.2' ],
117 silly audit   chokidar: [ '4.0.3', '3.6.0' ],
117 silly audit   citty: [ '0.1.6', '0.2.1' ],
117 silly audit   'class-variance-authority': [ '0.7.1' ],
117 silly audit   'client-only': [ '0.0.1' ],
117 silly audit   clsx: [ '2.1.1' ],
117 silly audit   'color-convert': [ '2.0.1' ],
117 silly audit   'color-name': [ '1.1.4' ],
117 silly audit   commander: [ '4.1.1' ],
117 silly audit   'concat-map': [ '0.0.1' ],
117 silly audit   confbox: [ '0.2.4' ],
117 silly audit   consola: [ '3.4.2' ],
117 silly audit   'cross-spawn': [ '7.0.6' ],
117 silly audit   cssesc: [ '3.0.0' ],
117 silly audit   csstype: [ '3.2.3' ],
117 silly audit   'damerau-levenshtein': [ '1.0.8' ],
117 silly audit   'data-view-buffer': [ '1.0.2' ],
117 silly audit   'data-view-byte-length': [ '1.0.2' ],
117 silly audit   'data-view-byte-offset': [ '1.0.1' ],
117 silly audit   debug: [ '4.4.3', '3.2.7' ],
117 silly audit   'deep-is': [ '0.1.4' ],
117 silly audit   'deepmerge-ts': [ '7.1.5' ],
117 silly audit   'define-data-property': [ '1.1.4' ],
117 silly audit   'define-properties': [ '1.2.1' ],
117 silly audit   defu: [ '6.1.4' ],
117 silly audit   destr: [ '2.0.5' ],
117 silly audit   'detect-libc': [ '2.1.2' ],
117 silly audit   didyoumean: [ '1.2.2' ],
117 silly audit   dlv: [ '1.1.3' ],
117 silly audit   doctrine: [ '2.1.0' ],
117 silly audit   dotenv: [ '16.6.1' ],
117 silly audit   'dunder-proto': [ '1.0.1' ],
117 silly audit   effect: [ '3.18.4' ],
117 silly audit   'electron-to-chromium': [ '1.5.328' ],
117 silly audit   'emoji-regex': [ '9.2.2' ],
117 silly audit   empathic: [ '2.0.0' ],
117 silly audit   'es-abstract': [ '1.24.1' ],
117 silly audit   'es-define-property': [ '1.0.1' ],
117 silly audit   'es-errors': [ '1.3.0' ],
117 silly audit   'es-iterator-helpers': [ '1.3.1' ],
117 silly audit   'es-object-atoms': [ '1.1.1' ],
117 silly audit   'es-set-tostringtag': [ '2.1.0' ],
117 silly audit   'es-shim-unscopables': [ '1.1.0' ],
117 silly audit   'es-to-primitive': [ '1.3.0' ],
117 silly audit   esbuild: [ '0.27.4' ],
117 silly audit   escalade: [ '3.2.0' ],
117 silly audit   'escape-string-regexp': [ '4.0.0' ],
117 silly audit   eslint: [ '9.39.4' ],
117 silly audit   'eslint-config-next': [ '15.5.14' ],
117 silly audit   'eslint-import-resolver-node': [ '0.3.9' ],
117 silly audit   'eslint-import-resolver-typescript': [ '3.10.1' ],
117 silly audit   'eslint-module-utils': [ '2.12.1' ],
117 silly audit   'eslint-plugin-import': [ '2.32.0' ],
117 silly audit   semver: [ '6.3.1', '7.7.4' ],
117 silly audit   'eslint-plugin-jsx-a11y': [ '6.10.2' ],
117 silly audit   'eslint-plugin-react': [ '7.37.5' ],
117 silly audit   'eslint-plugin-react-hooks': [ '5.2.0' ],
117 silly audit   resolve: [ '2.0.0-next.6', '1.22.11' ],
117 silly audit   'eslint-scope': [ '8.4.0' ],
117 silly audit   espree: [ '10.4.0' ],
117 silly audit   esquery: [ '1.7.0' ],
117 silly audit   esrecurse: [ '4.3.0' ],
117 silly audit   estraverse: [ '5.3.0' ],
117 silly audit   esutils: [ '2.0.3' ],
117 silly audit   exsolve: [ '1.0.8' ],
117 silly audit   'fast-check': [ '3.23.2' ],
117 silly audit   'fast-deep-equal': [ '3.1.3' ],
117 silly audit   'fast-glob': [ '3.3.1', '3.3.3' ],
117 silly audit   'glob-parent': [ '5.1.2', '6.0.2' ],
117 silly audit   'fast-json-stable-stringify': [ '2.1.0' ],
117 silly audit   'fast-levenshtein': [ '2.0.6' ],
117 silly audit   fastq: [ '1.20.1' ],
117 silly audit   'file-entry-cache': [ '8.0.0' ],
117 silly audit   'fill-range': [ '7.1.1' ],
117 silly audit   'find-up': [ '5.0.0' ],
117 silly audit   'flat-cache': [ '4.0.1' ],
117 silly audit   flatted: [ '3.4.2' ],
117 silly audit   'for-each': [ '0.3.5' ],
117 silly audit   'fraction.js': [ '5.3.4' ],
117 silly audit   fsevents: [ '2.3.3' ],
117 silly audit   'function-bind': [ '1.1.2' ],
117 silly audit   'function.prototype.name': [ '1.1.8' ],
117 silly audit   'functions-have-names': [ '1.2.3' ],
117 silly audit   'generator-function': [ '2.0.1' ],
117 silly audit   'get-intrinsic': [ '1.3.0' ],
117 silly audit   'get-proto': [ '1.0.1' ],
117 silly audit   'get-symbol-description': [ '1.1.0' ],
117 silly audit   'get-tsconfig': [ '4.13.7' ],
117 silly audit   giget: [ '2.0.0' ],
117 silly audit   globals: [ '14.0.0' ],
117 silly audit   globalthis: [ '1.0.4' ],
117 silly audit   gopd: [ '1.2.0' ],
117 silly audit   'has-bigints': [ '1.1.0' ],
117 silly audit   'has-flag': [ '4.0.0' ],
117 silly audit   'has-property-descriptors': [ '1.0.2' ],
117 silly audit   'has-proto': [ '1.2.0' ],
117 silly audit   'has-symbols': [ '1.1.0' ],
117 silly audit   'has-tostringtag': [ '1.0.2' ],
117 silly audit   hasown: [ '2.0.2' ],
117 silly audit   'import-fresh': [ '3.3.1' ],
117 silly audit   imurmurhash: [ '0.1.4' ],
117 silly audit   'internal-slot': [ '1.1.0' ],
117 silly audit   'is-array-buffer': [ '3.0.5' ],
117 silly audit   'is-async-function': [ '2.1.1' ],
117 silly audit   'is-bigint': [ '1.1.0' ],
117 silly audit   'is-binary-path': [ '2.1.0' ],
117 silly audit   'is-boolean-object': [ '1.2.2' ],
117 silly audit   'is-bun-module': [ '2.0.0' ],
117 silly audit   'is-callable': [ '1.2.7' ],
117 silly audit   'is-core-module': [ '2.16.1' ],
117 silly audit   'is-data-view': [ '1.0.2' ],
117 silly audit   'is-date-object': [ '1.1.0' ],
117 silly audit   'is-extglob': [ '2.1.1' ],
117 silly audit   'is-finalizationregistry': [ '1.1.1' ],
117 silly audit   'is-generator-function': [ '1.1.2' ],
117 silly audit   'is-glob': [ '4.0.3' ],
117 silly audit   'is-map': [ '2.0.3' ],
117 silly audit   'is-negative-zero': [ '2.0.3' ],
117 silly audit   'is-number': [ '7.0.0' ],
117 silly audit   'is-number-object': [ '1.1.1' ],
117 silly audit   'is-regex': [ '1.2.1' ],
117 silly audit   'is-set': [ '2.0.3' ],
117 silly audit   'is-shared-array-buffer': [ '1.0.4' ],
117 silly audit   'is-string': [ '1.1.1' ],
117 silly audit   'is-symbol': [ '1.1.1' ],
117 silly audit   'is-typed-array': [ '1.1.15' ],
117 silly audit   'is-weakmap': [ '2.0.2' ],
117 silly audit   'is-weakref': [ '1.1.1' ],
117 silly audit   'is-weakset': [ '2.0.4' ],
117 silly audit   isarray: [ '2.0.5' ],
117 silly audit   isexe: [ '2.0.0' ],
117 silly audit   'iterator.prototype': [ '1.1.5' ],
117 silly audit   jiti: [ '2.6.1', '1.21.7' ],
117 silly audit   'js-tokens': [ '4.0.0' ],
117 silly audit   'js-yaml': [ '4.1.1' ],
117 silly audit   'json-buffer': [ '3.0.1' ],
117 silly audit   'json-schema-traverse': [ '0.4.1' ],
117 silly audit   'json-stable-stringify-without-jsonify': [ '1.0.1' ],
117 silly audit   json5: [ '1.0.2' ],
117 silly audit   'jsx-ast-utils': [ '3.3.5' ],
117 silly audit   keyv: [ '4.5.4' ],
117 silly audit   'language-subtag-registry': [ '0.3.23' ],
117 silly audit   'language-tags': [ '1.0.9' ],
117 silly audit   levn: [ '0.4.1' ],
117 silly audit   lilconfig: [ '3.1.3' ],
117 silly audit   'lines-and-columns': [ '1.2.4' ],
117 silly audit   'locate-path': [ '6.0.0' ],
117 silly audit   'lodash.merge': [ '4.6.2' ],
117 silly audit   'loose-envify': [ '1.4.0' ],
117 silly audit   'lucide-react': [ '0.475.0' ],
117 silly audit   'math-intrinsics': [ '1.1.0' ],
117 silly audit   merge2: [ '1.4.1' ],
117 silly audit   micromatch: [ '4.0.8' ],
117 silly audit   minimist: [ '1.2.8' ],
117 silly audit   ms: [ '2.1.3' ],
117 silly audit   mz: [ '2.7.0' ],
117 silly audit   nanoid: [ '3.3.11' ],
117 silly audit   'napi-postinstall': [ '0.3.4' ],
117 silly audit   'natural-compare': [ '1.4.0' ],
117 silly audit   next: [ '15.5.14' ],
117 silly audit   postcss: [ '8.4.31', '8.5.8' ],
117 silly audit   'node-exports-info': [ '1.6.0' ],
117 silly audit   'node-fetch-native': [ '1.6.7' ],
117 silly audit   'node-releases': [ '2.0.36' ],
117 silly audit   'normalize-path': [ '3.0.0' ],
117 silly audit   nypm: [ '0.6.5' ],
117 silly audit   'object-assign': [ '4.1.1' ],
117 silly audit   'object-hash': [ '3.0.0' ],
117 silly audit   'object-inspect': [ '1.13.4' ],
117 silly audit   'object-keys': [ '1.1.1' ],
117 silly audit   'object.assign': [ '4.1.7' ],
117 silly audit   'object.entries': [ '1.1.9' ],
117 silly audit   'object.fromentries': [ '2.0.8' ],
117 silly audit   'object.groupby': [ '1.0.3' ],
117 silly audit   'object.values': [ '1.2.1' ],
117 silly audit   ohash: [ '2.0.11' ],
117 silly audit   optionator: [ '0.9.4' ],
117 silly audit   'own-keys': [ '1.0.1' ],
117 silly audit   'p-limit': [ '3.1.0' ],
117 silly audit   'p-locate': [ '5.0.0' ],
117 silly audit   'parent-module': [ '1.0.1' ],
117 silly audit   'path-exists': [ '4.0.0' ],
117 silly audit   'path-key': [ '3.1.1' ],
117 silly audit   'path-parse': [ '1.0.7' ],
117 silly audit   pathe: [ '2.0.3' ],
117 silly audit   'perfect-debounce': [ '1.0.0' ],
117 silly audit   picocolors: [ '1.1.1' ],
117 silly audit   picomatch: [ '2.3.2', '4.0.4' ],
117 silly audit   pify: [ '2.3.0' ],
117 silly audit   pirates: [ '4.0.7' ],
117 silly audit   'pkg-types': [ '2.3.0' ],
117 silly audit   'possible-typed-array-names': [ '1.1.0' ],
117 silly audit   'postcss-import': [ '15.1.0' ],
117 silly audit   'postcss-js': [ '4.1.0' ],
117 silly audit   'postcss-load-config': [ '6.0.1' ],
117 silly audit   'postcss-nested': [ '6.2.0' ],
117 silly audit   'postcss-selector-parser': [ '6.1.2' ],
117 silly audit   'postcss-value-parser': [ '4.2.0' ],
117 silly audit   'prelude-ls': [ '1.2.1' ],
117 silly audit   prisma: [ '6.19.2' ],
117 silly audit   'prop-types': [ '15.8.1' ],
117 silly audit   punycode: [ '2.3.1' ],
117 silly audit   'pure-rand': [ '6.1.0' ],
117 silly audit   'queue-microtask': [ '1.2.3' ],
117 silly audit   rc9: [ '2.1.2' ],
117 silly audit   react: [ '19.2.4' ],
117 silly audit   'react-dom': [ '19.2.4' ],
117 silly audit   'react-is': [ '16.13.1' ],
117 silly audit   'read-cache': [ '1.0.0' ],
117 silly audit   readdirp: [ '4.1.2', '3.6.0' ],
117 silly audit   'reflect.getprototypeof': [ '1.0.10' ],
117 silly audit   'regexp.prototype.flags': [ '1.5.4' ],
117 silly audit   'resolve-from': [ '4.0.0' ],
117 silly audit   'resolve-pkg-maps': [ '1.0.0' ],
117 silly audit   reusify: [ '1.1.0' ],
117 silly audit   'run-parallel': [ '1.2.0' ],
117 silly audit   'safe-array-concat': [ '1.1.3' ],
117 silly audit   'safe-push-apply': [ '1.0.0' ],
117 silly audit   'safe-regex-test': [ '1.1.0' ],
117 silly audit   scheduler: [ '0.27.0' ],
117 silly audit   'set-function-length': [ '1.2.2' ],
117 silly audit   'set-function-name': [ '2.0.2' ],
117 silly audit   'set-proto': [ '1.0.0' ],
117 silly audit   sharp: [ '0.34.5' ],
117 silly audit   'shebang-command': [ '2.0.0' ],
117 silly audit   'shebang-regex': [ '3.0.0' ],
117 silly audit   'side-channel': [ '1.1.0' ],
117 silly audit   'side-channel-list': [ '1.0.0' ],
117 silly audit   'side-channel-map': [ '1.0.1' ],
117 silly audit   'side-channel-weakmap': [ '1.0.2' ],
117 silly audit   'source-map-js': [ '1.2.1' ],
117 silly audit   'stable-hash': [ '0.0.5' ],
117 silly audit   'stop-iteration-iterator': [ '1.1.0' ],
117 silly audit   'string.prototype.includes': [ '2.0.1' ],
117 silly audit   'string.prototype.matchall': [ '4.0.12' ],
117 silly audit   'string.prototype.repeat': [ '1.0.0' ],
117 silly audit   'string.prototype.trim': [ '1.2.10' ],
117 silly audit   'string.prototype.trimend': [ '1.0.9' ],
117 silly audit   'string.prototype.trimstart': [ '1.0.8' ],
117 silly audit   'strip-bom': [ '3.0.0' ],
117 silly audit   'strip-json-comments': [ '3.1.1' ],
117 silly audit   'styled-jsx': [ '5.1.6' ],
117 silly audit   sucrase: [ '3.35.1' ],
117 silly audit   'supports-color': [ '7.2.0' ],
117 silly audit   'supports-preserve-symlinks-flag': [ '1.0.0' ],
117 silly audit   'tailwind-merge': [ '2.6.1' ],
117 silly audit   tailwindcss: [ '3.4.19' ],
117 silly audit   thenify: [ '3.3.1' ],
117 silly audit   'thenify-all': [ '1.6.0' ],
117 silly audit   tinyexec: [ '1.0.4' ],
117 silly audit   tinyglobby: [ '0.2.15' ],
117 silly audit   fdir: [ '6.5.0' ],
117 silly audit   'to-regex-range': [ '5.0.1' ],
117 silly audit   'ts-api-utils': [ '2.5.0' ],
117 silly audit   'ts-interface-checker': [ '0.1.13' ],
117 silly audit   'tsconfig-paths': [ '3.15.0' ],
117 silly audit   tslib: [ '2.8.1' ],
117 silly audit   tsx: [ '4.21.0' ],
117 silly audit   'type-check': [ '0.4.0' ],
117 silly audit   'typed-array-buffer': [ '1.0.3' ],
117 silly audit   'typed-array-byte-length': [ '1.0.3' ],
117 silly audit   'typed-array-byte-offset': [ '1.0.4' ],
117 silly audit   'typed-array-length': [ '1.0.7' ],
117 silly audit   typescript: [ '5.9.3' ],
117 silly audit   'unbox-primitive': [ '1.1.0' ],
117 silly audit   'undici-types': [ '6.21.0' ],
117 silly audit   'unrs-resolver': [ '1.11.1' ],
117 silly audit   'update-browserslist-db': [ '1.2.3' ],
117 silly audit   'uri-js': [ '4.4.1' ],
117 silly audit   'util-deprecate': [ '1.0.2' ],
117 silly audit   which: [ '2.0.2' ],
117 silly audit   'which-boxed-primitive': [ '1.1.1' ],
117 silly audit   'which-builtin-type': [ '1.2.1' ],
117 silly audit   'which-collection': [ '1.0.2' ],
117 silly audit   'which-typed-array': [ '1.1.20' ],
117 silly audit   'word-wrap': [ '1.2.5' ],
117 silly audit   'yocto-queue': [ '0.1.0' ],
117 silly audit   '@clerk/nextjs': [ '7.0.7' ],
117 silly audit   '@clerk/backend': [ '3.2.3' ],
117 silly audit   '@clerk/react': [ '6.1.3' ],
117 silly audit   '@clerk/shared': [ '4.3.2' ],
117 silly audit   'server-only': [ '0.0.1' ],
117 silly audit   standardwebhooks: [ '1.0.0' ],
117 silly audit   '@tanstack/query-core': [ '5.90.16' ],
117 silly audit   dequal: [ '2.0.3' ],
117 silly audit   'glob-to-regexp': [ '0.4.1' ],
117 silly audit   'js-cookie': [ '3.0.5' ],
117 silly audit   'std-env': [ '3.10.0' ],
117 silly audit   '@stablelib/base64': [ '1.0.1' ],
117 silly audit   'fast-sha256': [ '1.3.0' ]
117 silly audit }
118 verbose reify failed optional dependency C:\Users\wisdo\OneDrive\Desktop\codex_projects\BreachLens\node_modules\fsevents
119 silly reify mark deleted [
119 silly reify   'C:\\Users\\wisdo\\OneDrive\\Desktop\\codex_projects\\BreachLens\\node_modules\\fsevents'
119 silly reify ]
120 verbose reify failed optional dependency C:\Users\wisdo\OneDrive\Desktop\codex_projects\BreachLens\node_modules\@unrs\resolver-binding-win32-ia32-msvc
121 silly reify mark deleted [
121 silly reify   'C:\\Users\\wisdo\\OneDrive\\Desktop\\codex_projects\\BreachLens\\node_modules\\@unrs\\resolver-binding-win32-ia32-msvc'
121 silly reify ]
122 verbose reify failed optional dependency C:\Users\wisdo\OneDrive\Desktop\codex_projects\BreachLens\node_modules\@unrs\resolver-binding-win32-arm64-msvc
123 silly reify mark deleted [
123 silly reify   'C:\\Users\\wisdo\\OneDrive\\Desktop\\codex_projects\\BreachLens\\node_modules\\@unrs\\resolver-binding-win32-arm64-msvc'
123 silly reify ]
124 verbose reify failed optional dependency C:\Users\wisdo\OneDrive\Desktop\codex_projects\BreachLens\node_modules\@unrs\resolver-binding-wasm32-wasi
125 silly reify mark deleted [
125 silly reify   'C:\\Users\\wisdo\\OneDrive\\Desktop\\codex_projects\\BreachLens\\node_modules\\@unrs\\resolver-binding-wasm32-wasi'
125 silly reify ]
126 verbose reify failed optional dependency C:\Users\wisdo\OneDrive\Desktop\codex_projects\BreachLens\node_modules\@napi-rs\wasm-runtime
127 silly reify mark deleted [
127 silly reify   'C:\\Users\\wisdo\\OneDrive\\Desktop\\codex_projects\\BreachLens\\node_modules\\@napi-rs\\wasm-runtime'
127 silly reify ]
128 verbose reify failed optional dependency C:\Users\wisdo\OneDrive\Desktop\codex_projects\BreachLens\node_modules\@emnapi\core
129 silly reify mark deleted [
129 silly reify   'C:\\Users\\wisdo\\OneDrive\\Desktop\\codex_projects\\BreachLens\\node_modules\\@emnapi\\core'
129 silly reify ]
130 verbose reify failed optional dependency C:\Users\wisdo\OneDrive\Desktop\codex_projects\BreachLens\node_modules\@tybys\wasm-util
131 silly reify mark deleted [
131 silly reify   'C:\\Users\\wisdo\\OneDrive\\Desktop\\codex_projects\\BreachLens\\node_modules\\@tybys\\wasm-util'
131 silly reify ]
132 verbose reify failed optional dependency C:\Users\wisdo\OneDrive\Desktop\codex_projects\BreachLens\node_modules\@emnapi\wasi-threads
133 silly reify mark deleted [
133 silly reify   'C:\\Users\\wisdo\\OneDrive\\Desktop\\codex_projects\\BreachLens\\node_modules\\@emnapi\\wasi-threads'
133 silly reify ]
134 verbose reify failed optional dependency C:\Users\wisdo\OneDrive\Desktop\codex_projects\BreachLens\node_modules\@unrs\resolver-binding-linux-x64-musl
135 silly reify mark deleted [
135 silly reify   'C:\\Users\\wisdo\\OneDrive\\Desktop\\codex_projects\\BreachLens\\node_modules\\@unrs\\resolver-binding-linux-x64-musl'
135 silly reify ]
136 verbose reify failed optional dependency C:\Users\wisdo\OneDrive\Desktop\codex_projects\BreachLens\node_modules\@unrs\resolver-binding-linux-x64-gnu
137 silly reify mark deleted [
137 silly reify   'C:\\Users\\wisdo\\OneDrive\\Desktop\\codex_projects\\BreachLens\\node_modules\\@unrs\\resolver-binding-linux-x64-gnu'
137 silly reify ]
138 verbose reify failed optional dependency C:\Users\wisdo\OneDrive\Desktop\codex_projects\BreachLens\node_modules\@unrs\resolver-binding-linux-s390x-gnu
139 silly reify mark deleted [
139 silly reify   'C:\\Users\\wisdo\\OneDrive\\Desktop\\codex_projects\\BreachLens\\node_modules\\@unrs\\resolver-binding-linux-s390x-gnu'
139 silly reify ]
140 verbose reify failed optional dependency C:\Users\wisdo\OneDrive\Desktop\codex_projects\BreachLens\node_modules\@unrs\resolver-binding-linux-riscv64-musl
141 silly reify mark deleted [
141 silly reify   'C:\\Users\\wisdo\\OneDrive\\Desktop\\codex_projects\\BreachLens\\node_modules\\@unrs\\resolver-binding-linux-riscv64-musl'
141 silly reify ]
142 verbose reify failed optional dependency C:\Users\wisdo\OneDrive\Desktop\codex_projects\BreachLens\node_modules\@unrs\resolver-binding-linux-riscv64-gnu
143 silly reify mark deleted [
143 silly reify   'C:\\Users\\wisdo\\OneDrive\\Desktop\\codex_projects\\BreachLens\\node_modules\\@unrs\\resolver-binding-linux-riscv64-gnu'
143 silly reify ]
144 verbose reify failed optional dependency C:\Users\wisdo\OneDrive\Desktop\codex_projects\BreachLens\node_modules\@unrs\resolver-binding-linux-ppc64-gnu
145 silly reify mark deleted [
145 silly reify   'C:\\Users\\wisdo\\OneDrive\\Desktop\\codex_projects\\BreachLens\\node_modules\\@unrs\\resolver-binding-linux-ppc64-gnu'
145 silly reify ]
146 verbose reify failed optional dependency C:\Users\wisdo\OneDrive\Desktop\codex_projects\BreachLens\node_modules\@unrs\resolver-binding-linux-arm64-musl
147 silly reify mark deleted [
147 silly reify   'C:\\Users\\wisdo\\OneDrive\\Desktop\\codex_projects\\BreachLens\\node_modules\\@unrs\\resolver-binding-linux-arm64-musl'
147 silly reify ]
148 verbose reify failed optional dependency C:\Users\wisdo\OneDrive\Desktop\codex_projects\BreachLens\node_modules\@unrs\resolver-binding-linux-arm64-gnu
149 silly reify mark deleted [
149 silly reify   'C:\\Users\\wisdo\\OneDrive\\Desktop\\codex_projects\\BreachLens\\node_modules\\@unrs\\resolver-binding-linux-arm64-gnu'
149 silly reify ]
150 verbose reify failed optional dependency C:\Users\wisdo\OneDrive\Desktop\codex_projects\BreachLens\node_modules\@unrs\resolver-binding-linux-arm-musleabihf
151 silly reify mark deleted [
151 silly reify   'C:\\Users\\wisdo\\OneDrive\\Desktop\\codex_projects\\BreachLens\\node_modules\\@unrs\\resolver-binding-linux-arm-musleabihf'
151 silly reify ]
152 verbose reify failed optional dependency C:\Users\wisdo\OneDrive\Desktop\codex_projects\BreachLens\node_modules\@unrs\resolver-binding-linux-arm-gnueabihf
153 silly reify mark deleted [
153 silly reify   'C:\\Users\\wisdo\\OneDrive\\Desktop\\codex_projects\\BreachLens\\node_modules\\@unrs\\resolver-binding-linux-arm-gnueabihf'
153 silly reify ]
154 verbose reify failed optional dependency C:\Users\wisdo\OneDrive\Desktop\codex_projects\BreachLens\node_modules\@unrs\resolver-binding-freebsd-x64
155 silly reify mark deleted [
155 silly reify   'C:\\Users\\wisdo\\OneDrive\\Desktop\\codex_projects\\BreachLens\\node_modules\\@unrs\\resolver-binding-freebsd-x64'
155 silly reify ]
156 verbose reify failed optional dependency C:\Users\wisdo\OneDrive\Desktop\codex_projects\BreachLens\node_modules\@unrs\resolver-binding-darwin-x64
157 silly reify mark deleted [
157 silly reify   'C:\\Users\\wisdo\\OneDrive\\Desktop\\codex_projects\\BreachLens\\node_modules\\@unrs\\resolver-binding-darwin-x64'
157 silly reify ]
158 verbose reify failed optional dependency C:\Users\wisdo\OneDrive\Desktop\codex_projects\BreachLens\node_modules\@unrs\resolver-binding-darwin-arm64
159 silly reify mark deleted [
159 silly reify   'C:\\Users\\wisdo\\OneDrive\\Desktop\\codex_projects\\BreachLens\\node_modules\\@unrs\\resolver-binding-darwin-arm64'
159 silly reify ]
160 verbose reify failed optional dependency C:\Users\wisdo\OneDrive\Desktop\codex_projects\BreachLens\node_modules\@unrs\resolver-binding-android-arm64
161 silly reify mark deleted [
161 silly reify   'C:\\Users\\wisdo\\OneDrive\\Desktop\\codex_projects\\BreachLens\\node_modules\\@unrs\\resolver-binding-android-arm64'
161 silly reify ]
162 verbose reify failed optional dependency C:\Users\wisdo\OneDrive\Desktop\codex_projects\BreachLens\node_modules\@unrs\resolver-binding-android-arm-eabi
163 silly reify mark deleted [
163 silly reify   'C:\\Users\\wisdo\\OneDrive\\Desktop\\codex_projects\\BreachLens\\node_modules\\@unrs\\resolver-binding-android-arm-eabi'
163 silly reify ]
164 verbose reify failed optional dependency C:\Users\wisdo\OneDrive\Desktop\codex_projects\BreachLens\node_modules\@next\swc-win32-arm64-msvc
165 silly reify mark deleted [
165 silly reify   'C:\\Users\\wisdo\\OneDrive\\Desktop\\codex_projects\\BreachLens\\node_modules\\@next\\swc-win32-arm64-msvc'
165 silly reify ]
166 verbose reify failed optional dependency C:\Users\wisdo\OneDrive\Desktop\codex_projects\BreachLens\node_modules\@next\swc-linux-x64-musl
167 silly reify mark deleted [
167 silly reify   'C:\\Users\\wisdo\\OneDrive\\Desktop\\codex_projects\\BreachLens\\node_modules\\@next\\swc-linux-x64-musl'
167 silly reify ]
168 verbose reify failed optional dependency C:\Users\wisdo\OneDrive\Desktop\codex_projects\BreachLens\node_modules\@next\swc-linux-x64-gnu
169 silly reify mark deleted [
169 silly reify   'C:\\Users\\wisdo\\OneDrive\\Desktop\\codex_projects\\BreachLens\\node_modules\\@next\\swc-linux-x64-gnu'
169 silly reify ]
170 verbose reify failed optional dependency C:\Users\wisdo\OneDrive\Desktop\codex_projects\BreachLens\node_modules\@next\swc-linux-arm64-musl
171 silly reify mark deleted [
171 silly reify   'C:\\Users\\wisdo\\OneDrive\\Desktop\\codex_projects\\BreachLens\\node_modules\\@next\\swc-linux-arm64-musl'
171 silly reify ]
172 verbose reify failed optional dependency C:\Users\wisdo\OneDrive\Desktop\codex_projects\BreachLens\node_modules\@next\swc-linux-arm64-gnu
173 silly reify mark deleted [
173 silly reify   'C:\\Users\\wisdo\\OneDrive\\Desktop\\codex_projects\\BreachLens\\node_modules\\@next\\swc-linux-arm64-gnu'
173 silly reify ]
174 verbose reify failed optional dependency C:\Users\wisdo\OneDrive\Desktop\codex_projects\BreachLens\node_modules\@next\swc-darwin-x64
175 silly reify mark deleted [
175 silly reify   'C:\\Users\\wisdo\\OneDrive\\Desktop\\codex_projects\\BreachLens\\node_modules\\@next\\swc-darwin-x64'
175 silly reify ]
176 verbose reify failed optional dependency C:\Users\wisdo\OneDrive\Desktop\codex_projects\BreachLens\node_modules\@next\swc-darwin-arm64
177 silly reify mark deleted [
177 silly reify   'C:\\Users\\wisdo\\OneDrive\\Desktop\\codex_projects\\BreachLens\\node_modules\\@next\\swc-darwin-arm64'
177 silly reify ]
178 verbose reify failed optional dependency C:\Users\wisdo\OneDrive\Desktop\codex_projects\BreachLens\node_modules\@img\sharp-win32-ia32
179 silly reify mark deleted [
179 silly reify   'C:\\Users\\wisdo\\OneDrive\\Desktop\\codex_projects\\BreachLens\\node_modules\\@img\\sharp-win32-ia32'
179 silly reify ]
180 verbose reify failed optional dependency C:\Users\wisdo\OneDrive\Desktop\codex_projects\BreachLens\node_modules\@img\sharp-win32-arm64
181 silly reify mark deleted [
181 silly reify   'C:\\Users\\wisdo\\OneDrive\\Desktop\\codex_projects\\BreachLens\\node_modules\\@img\\sharp-win32-arm64'
181 silly reify ]
182 verbose reify failed optional dependency C:\Users\wisdo\OneDrive\Desktop\codex_projects\BreachLens\node_modules\@img\sharp-wasm32
183 silly reify mark deleted [
183 silly reify   'C:\\Users\\wisdo\\OneDrive\\Desktop\\codex_projects\\BreachLens\\node_modules\\@img\\sharp-wasm32'
183 silly reify ]
184 verbose reify failed optional dependency C:\Users\wisdo\OneDrive\Desktop\codex_projects\BreachLens\node_modules\@img\sharp-linuxmusl-x64
185 silly reify mark deleted [
185 silly reify   'C:\\Users\\wisdo\\OneDrive\\Desktop\\codex_projects\\BreachLens\\node_modules\\@img\\sharp-linuxmusl-x64'
185 silly reify ]
186 verbose reify failed optional dependency C:\Users\wisdo\OneDrive\Desktop\codex_projects\BreachLens\node_modules\@img\sharp-linuxmusl-arm64
187 silly reify mark deleted [
187 silly reify   'C:\\Users\\wisdo\\OneDrive\\Desktop\\codex_projects\\BreachLens\\node_modules\\@img\\sharp-linuxmusl-arm64'
187 silly reify ]
188 verbose reify failed optional dependency C:\Users\wisdo\OneDrive\Desktop\codex_projects\BreachLens\node_modules\@img\sharp-linux-x64
189 silly reify mark deleted [
189 silly reify   'C:\\Users\\wisdo\\OneDrive\\Desktop\\codex_projects\\BreachLens\\node_modules\\@img\\sharp-linux-x64'
189 silly reify ]
190 verbose reify failed optional dependency C:\Users\wisdo\OneDrive\Desktop\codex_projects\BreachLens\node_modules\@img\sharp-linux-s390x
191 silly reify mark deleted [
191 silly reify   'C:\\Users\\wisdo\\OneDrive\\Desktop\\codex_projects\\BreachLens\\node_modules\\@img\\sharp-linux-s390x'
191 silly reify ]
192 verbose reify failed optional dependency C:\Users\wisdo\OneDrive\Desktop\codex_projects\BreachLens\node_modules\@img\sharp-linux-riscv64
193 silly reify mark deleted [
193 silly reify   'C:\\Users\\wisdo\\OneDrive\\Desktop\\codex_projects\\BreachLens\\node_modules\\@img\\sharp-linux-riscv64'
193 silly reify ]
194 verbose reify failed optional dependency C:\Users\wisdo\OneDrive\Desktop\codex_projects\BreachLens\node_modules\@img\sharp-linux-ppc64
195 silly reify mark deleted [
195 silly reify   'C:\\Users\\wisdo\\OneDrive\\Desktop\\codex_projects\\BreachLens\\node_modules\\@img\\sharp-linux-ppc64'
195 silly reify ]
196 verbose reify failed optional dependency C:\Users\wisdo\OneDrive\Desktop\codex_projects\BreachLens\node_modules\@img\sharp-linux-arm64
197 silly reify mark deleted [
197 silly reify   'C:\\Users\\wisdo\\OneDrive\\Desktop\\codex_projects\\BreachLens\\node_modules\\@img\\sharp-linux-arm64'
197 silly reify ]
198 verbose reify failed optional dependency C:\Users\wisdo\OneDrive\Desktop\codex_projects\BreachLens\node_modules\@img\sharp-linux-arm
199 silly reify mark deleted [
199 silly reify   'C:\\Users\\wisdo\\OneDrive\\Desktop\\codex_projects\\BreachLens\\node_modules\\@img\\sharp-linux-arm'
199 silly reify ]
200 verbose reify failed optional dependency C:\Users\wisdo\OneDrive\Desktop\codex_projects\BreachLens\node_modules\@img\sharp-libvips-linuxmusl-x64
201 silly reify mark deleted [
201 silly reify   'C:\\Users\\wisdo\\OneDrive\\Desktop\\codex_projects\\BreachLens\\node_modules\\@img\\sharp-libvips-linuxmusl-x64'
201 silly reify ]
202 verbose reify failed optional dependency C:\Users\wisdo\OneDrive\Desktop\codex_projects\BreachLens\node_modules\@img\sharp-libvips-linuxmusl-arm64
203 silly reify mark deleted [
203 silly reify   'C:\\Users\\wisdo\\OneDrive\\Desktop\\codex_projects\\BreachLens\\node_modules\\@img\\sharp-libvips-linuxmusl-arm64'
203 silly reify ]
204 verbose reify failed optional dependency C:\Users\wisdo\OneDrive\Desktop\codex_projects\BreachLens\node_modules\@img\sharp-libvips-linux-x64
205 silly reify mark deleted [
205 silly reify   'C:\\Users\\wisdo\\OneDrive\\Desktop\\codex_projects\\BreachLens\\node_modules\\@img\\sharp-libvips-linux-x64'
205 silly reify ]
206 verbose reify failed optional dependency C:\Users\wisdo\OneDrive\Desktop\codex_projects\BreachLens\node_modules\@img\sharp-libvips-linux-s390x
207 silly reify mark deleted [
207 silly reify   'C:\\Users\\wisdo\\OneDrive\\Desktop\\codex_projects\\BreachLens\\node_modules\\@img\\sharp-libvips-linux-s390x'
207 silly reify ]
208 verbose reify failed optional dependency C:\Users\wisdo\OneDrive\Desktop\codex_projects\BreachLens\node_modules\@img\sharp-libvips-linux-riscv64
209 silly reify mark deleted [
209 silly reify   'C:\\Users\\wisdo\\OneDrive\\Desktop\\codex_projects\\BreachLens\\node_modules\\@img\\sharp-libvips-linux-riscv64'
209 silly reify ]
210 verbose reify failed optional dependency C:\Users\wisdo\OneDrive\Desktop\codex_projects\BreachLens\node_modules\@img\sharp-libvips-linux-ppc64
211 silly reify mark deleted [
211 silly reify   'C:\\Users\\wisdo\\OneDrive\\Desktop\\codex_projects\\BreachLens\\node_modules\\@img\\sharp-libvips-linux-ppc64'
211 silly reify ]
212 verbose reify failed optional dependency C:\Users\wisdo\OneDrive\Desktop\codex_projects\BreachLens\node_modules\@img\sharp-libvips-linux-arm64
213 silly reify mark deleted [
213 silly reify   'C:\\Users\\wisdo\\OneDrive\\Desktop\\codex_projects\\BreachLens\\node_modules\\@img\\sharp-libvips-linux-arm64'
213 silly reify ]
214 verbose reify failed optional dependency C:\Users\wisdo\OneDrive\Desktop\codex_projects\BreachLens\node_modules\@img\sharp-libvips-linux-arm
215 silly reify mark deleted [
215 silly reify   'C:\\Users\\wisdo\\OneDrive\\Desktop\\codex_projects\\BreachLens\\node_modules\\@img\\sharp-libvips-linux-arm'
215 silly reify ]
216 verbose reify failed optional dependency C:\Users\wisdo\OneDrive\Desktop\codex_projects\BreachLens\node_modules\@img\sharp-libvips-darwin-x64
217 silly reify mark deleted [
217 silly reify   'C:\\Users\\wisdo\\OneDrive\\Desktop\\codex_projects\\BreachLens\\node_modules\\@img\\sharp-libvips-darwin-x64'
217 silly reify ]
218 verbose reify failed optional dependency C:\Users\wisdo\OneDrive\Desktop\codex_projects\BreachLens\node_modules\@img\sharp-libvips-darwin-arm64
219 silly reify mark deleted [
219 silly reify   'C:\\Users\\wisdo\\OneDrive\\Desktop\\codex_projects\\BreachLens\\node_modules\\@img\\sharp-libvips-darwin-arm64'
219 silly reify ]
220 verbose reify failed optional dependency C:\Users\wisdo\OneDrive\Desktop\codex_projects\BreachLens\node_modules\@img\sharp-darwin-x64
221 silly reify mark deleted [
221 silly reify   'C:\\Users\\wisdo\\OneDrive\\Desktop\\codex_projects\\BreachLens\\node_modules\\@img\\sharp-darwin-x64'
221 silly reify ]
222 verbose reify failed optional dependency C:\Users\wisdo\OneDrive\Desktop\codex_projects\BreachLens\node_modules\@img\sharp-darwin-arm64
223 silly reify mark deleted [
223 silly reify   'C:\\Users\\wisdo\\OneDrive\\Desktop\\codex_projects\\BreachLens\\node_modules\\@img\\sharp-darwin-arm64'
223 silly reify ]
224 verbose reify failed optional dependency C:\Users\wisdo\OneDrive\Desktop\codex_projects\BreachLens\node_modules\@esbuild\win32-ia32
225 silly reify mark deleted [
225 silly reify   'C:\\Users\\wisdo\\OneDrive\\Desktop\\codex_projects\\BreachLens\\node_modules\\@esbuild\\win32-ia32'
225 silly reify ]
226 verbose reify failed optional dependency C:\Users\wisdo\OneDrive\Desktop\codex_projects\BreachLens\node_modules\@esbuild\win32-arm64
227 silly reify mark deleted [
227 silly reify   'C:\\Users\\wisdo\\OneDrive\\Desktop\\codex_projects\\BreachLens\\node_modules\\@esbuild\\win32-arm64'
227 silly reify ]
228 verbose reify failed optional dependency C:\Users\wisdo\OneDrive\Desktop\codex_projects\BreachLens\node_modules\@esbuild\sunos-x64
229 silly reify mark deleted [
229 silly reify   'C:\\Users\\wisdo\\OneDrive\\Desktop\\codex_projects\\BreachLens\\node_modules\\@esbuild\\sunos-x64'
229 silly reify ]
230 verbose reify failed optional dependency C:\Users\wisdo\OneDrive\Desktop\codex_projects\BreachLens\node_modules\@esbuild\openharmony-arm64
231 silly reify mark deleted [
231 silly reify   'C:\\Users\\wisdo\\OneDrive\\Desktop\\codex_projects\\BreachLens\\node_modules\\@esbuild\\openharmony-arm64'
231 silly reify ]
232 verbose reify failed optional dependency C:\Users\wisdo\OneDrive\Desktop\codex_projects\BreachLens\node_modules\@esbuild\openbsd-x64
233 silly reify mark deleted [
233 silly reify   'C:\\Users\\wisdo\\OneDrive\\Desktop\\codex_projects\\BreachLens\\node_modules\\@esbuild\\openbsd-x64'
233 silly reify ]
234 verbose reify failed optional dependency C:\Users\wisdo\OneDrive\Desktop\codex_projects\BreachLens\node_modules\@esbuild\openbsd-arm64
235 silly reify mark deleted [
235 silly reify   'C:\\Users\\wisdo\\OneDrive\\Desktop\\codex_projects\\BreachLens\\node_modules\\@esbuild\\openbsd-arm64'
235 silly reify ]
236 verbose reify failed optional dependency C:\Users\wisdo\OneDrive\Desktop\codex_projects\BreachLens\node_modules\@esbuild\netbsd-x64
237 silly reify mark deleted [
237 silly reify   'C:\\Users\\wisdo\\OneDrive\\Desktop\\codex_projects\\BreachLens\\node_modules\\@esbuild\\netbsd-x64'
237 silly reify ]
238 verbose reify failed optional dependency C:\Users\wisdo\OneDrive\Desktop\codex_projects\BreachLens\node_modules\@esbuild\netbsd-arm64
239 silly reify mark deleted [
239 silly reify   'C:\\Users\\wisdo\\OneDrive\\Desktop\\codex_projects\\BreachLens\\node_modules\\@esbuild\\netbsd-arm64'
239 silly reify ]
240 verbose reify failed optional dependency C:\Users\wisdo\OneDrive\Desktop\codex_projects\BreachLens\node_modules\@esbuild\linux-x64
241 silly reify mark deleted [
241 silly reify   'C:\\Users\\wisdo\\OneDrive\\Desktop\\codex_projects\\BreachLens\\node_modules\\@esbuild\\linux-x64'
241 silly reify ]
242 verbose reify failed optional dependency C:\Users\wisdo\OneDrive\Desktop\codex_projects\BreachLens\node_modules\@esbuild\linux-s390x
243 silly reify mark deleted [
243 silly reify   'C:\\Users\\wisdo\\OneDrive\\Desktop\\codex_projects\\BreachLens\\node_modules\\@esbuild\\linux-s390x'
243 silly reify ]
244 verbose reify failed optional dependency C:\Users\wisdo\OneDrive\Desktop\codex_projects\BreachLens\node_modules\@esbuild\linux-riscv64
245 silly reify mark deleted [
245 silly reify   'C:\\Users\\wisdo\\OneDrive\\Desktop\\codex_projects\\BreachLens\\node_modules\\@esbuild\\linux-riscv64'
245 silly reify ]
246 verbose reify failed optional dependency C:\Users\wisdo\OneDrive\Desktop\codex_projects\BreachLens\node_modules\@esbuild\linux-ppc64
247 silly reify mark deleted [
247 silly reify   'C:\\Users\\wisdo\\OneDrive\\Desktop\\codex_projects\\BreachLens\\node_modules\\@esbuild\\linux-ppc64'
247 silly reify ]
248 verbose reify failed optional dependency C:\Users\wisdo\OneDrive\Desktop\codex_projects\BreachLens\node_modules\@esbuild\linux-mips64el
249 silly reify mark deleted [
249 silly reify   'C:\\Users\\wisdo\\OneDrive\\Desktop\\codex_projects\\BreachLens\\node_modules\\@esbuild\\linux-mips64el'
249 silly reify ]
250 verbose reify failed optional dependency C:\Users\wisdo\OneDrive\Desktop\codex_projects\BreachLens\node_modules\@esbuild\linux-loong64
251 silly reify mark deleted [
251 silly reify   'C:\\Users\\wisdo\\OneDrive\\Desktop\\codex_projects\\BreachLens\\node_modules\\@esbuild\\linux-loong64'
251 silly reify ]
252 verbose reify failed optional dependency C:\Users\wisdo\OneDrive\Desktop\codex_projects\BreachLens\node_modules\@esbuild\linux-ia32
253 silly reify mark deleted [
253 silly reify   'C:\\Users\\wisdo\\OneDrive\\Desktop\\codex_projects\\BreachLens\\node_modules\\@esbuild\\linux-ia32'
253 silly reify ]
254 verbose reify failed optional dependency C:\Users\wisdo\OneDrive\Desktop\codex_projects\BreachLens\node_modules\@esbuild\linux-arm64
255 silly reify mark deleted [
255 silly reify   'C:\\Users\\wisdo\\OneDrive\\Desktop\\codex_projects\\BreachLens\\node_modules\\@esbuild\\linux-arm64'
255 silly reify ]
256 verbose reify failed optional dependency C:\Users\wisdo\OneDrive\Desktop\codex_projects\BreachLens\node_modules\@esbuild\linux-arm
257 silly reify mark deleted [
257 silly reify   'C:\\Users\\wisdo\\OneDrive\\Desktop\\codex_projects\\BreachLens\\node_modules\\@esbuild\\linux-arm'
257 silly reify ]
258 verbose reify failed optional dependency C:\Users\wisdo\OneDrive\Desktop\codex_projects\BreachLens\node_modules\@esbuild\freebsd-x64
259 silly reify mark deleted [
259 silly reify   'C:\\Users\\wisdo\\OneDrive\\Desktop\\codex_projects\\BreachLens\\node_modules\\@esbuild\\freebsd-x64'
259 silly reify ]
260 verbose reify failed optional dependency C:\Users\wisdo\OneDrive\Desktop\codex_projects\BreachLens\node_modules\@esbuild\freebsd-arm64
261 silly reify mark deleted [
261 silly reify   'C:\\Users\\wisdo\\OneDrive\\Desktop\\codex_projects\\BreachLens\\node_modules\\@esbuild\\freebsd-arm64'
261 silly reify ]
262 verbose reify failed optional dependency C:\Users\wisdo\OneDrive\Desktop\codex_projects\BreachLens\node_modules\@esbuild\darwin-x64
263 silly reify mark deleted [
263 silly reify   'C:\\Users\\wisdo\\OneDrive\\Desktop\\codex_projects\\BreachLens\\node_modules\\@esbuild\\darwin-x64'
263 silly reify ]
264 verbose reify failed optional dependency C:\Users\wisdo\OneDrive\Desktop\codex_projects\BreachLens\node_modules\@esbuild\darwin-arm64
265 silly reify mark deleted [
265 silly reify   'C:\\Users\\wisdo\\OneDrive\\Desktop\\codex_projects\\BreachLens\\node_modules\\@esbuild\\darwin-arm64'
265 silly reify ]
266 verbose reify failed optional dependency C:\Users\wisdo\OneDrive\Desktop\codex_projects\BreachLens\node_modules\@esbuild\android-x64
267 silly reify mark deleted [
267 silly reify   'C:\\Users\\wisdo\\OneDrive\\Desktop\\codex_projects\\BreachLens\\node_modules\\@esbuild\\android-x64'
267 silly reify ]
268 verbose reify failed optional dependency C:\Users\wisdo\OneDrive\Desktop\codex_projects\BreachLens\node_modules\@esbuild\android-arm64
269 silly reify mark deleted [
269 silly reify   'C:\\Users\\wisdo\\OneDrive\\Desktop\\codex_projects\\BreachLens\\node_modules\\@esbuild\\android-arm64'
269 silly reify ]
270 verbose reify failed optional dependency C:\Users\wisdo\OneDrive\Desktop\codex_projects\BreachLens\node_modules\@esbuild\android-arm
271 silly reify mark deleted [
271 silly reify   'C:\\Users\\wisdo\\OneDrive\\Desktop\\codex_projects\\BreachLens\\node_modules\\@esbuild\\android-arm'
271 silly reify ]
272 verbose reify failed optional dependency C:\Users\wisdo\OneDrive\Desktop\codex_projects\BreachLens\node_modules\@esbuild\aix-ppc64
273 silly reify mark deleted [
273 silly reify   'C:\\Users\\wisdo\\OneDrive\\Desktop\\codex_projects\\BreachLens\\node_modules\\@esbuild\\aix-ppc64'
273 silly reify ]
274 http cache @stablelib/base64@https://registry.npmjs.org/@stablelib/base64/-/base64-1.0.1.tgz 0ms (cache hit)
275 http cache fast-sha256@https://registry.npmjs.org/fast-sha256/-/fast-sha256-1.3.0.tgz 0ms (cache hit)
276 http cache std-env@https://registry.npmjs.org/std-env/-/std-env-3.10.0.tgz 0ms (cache hit)
277 http cache js-cookie@https://registry.npmjs.org/js-cookie/-/js-cookie-3.0.5.tgz 0ms (cache hit)
278 http cache dequal@https://registry.npmjs.org/dequal/-/dequal-2.0.3.tgz 0ms (cache hit)
279 http cache @tanstack/query-core@https://registry.npmjs.org/@tanstack/query-core/-/query-core-5.90.16.tgz 0ms (cache hit)
280 http cache glob-to-regexp@https://registry.npmjs.org/glob-to-regexp/-/glob-to-regexp-0.4.1.tgz 0ms (cache hit)
281 http cache server-only@https://registry.npmjs.org/server-only/-/server-only-0.0.1.tgz 0ms (cache hit)
282 http cache standardwebhooks@https://registry.npmjs.org/standardwebhooks/-/standardwebhooks-1.0.0.tgz 0ms (cache hit)
283 http cache @clerk/react@https://registry.npmjs.org/@clerk/react/-/react-6.1.3.tgz 0ms (cache hit)
284 http cache @clerk/shared@https://registry.npmjs.org/@clerk/shared/-/shared-4.3.2.tgz 0ms (cache hit)
285 http cache @clerk/nextjs@https://registry.npmjs.org/@clerk/nextjs/-/nextjs-7.0.7.tgz 0ms (cache hit)
286 http cache @tybys/wasm-util@https://registry.npmjs.org/@tybys/wasm-util/-/wasm-util-0.10.1.tgz 0ms (cache hit)
287 http cache @clerk/backend@https://registry.npmjs.org/@clerk/backend/-/backend-3.2.3.tgz 0ms (cache hit)
288 http cache @napi-rs/wasm-runtime@https://registry.npmjs.org/@napi-rs/wasm-runtime/-/wasm-runtime-0.2.12.tgz 0ms (cache hit)
289 http cache @emnapi/wasi-threads@https://registry.npmjs.org/@emnapi/wasi-threads/-/wasi-threads-1.2.0.tgz 0ms (cache hit)
290 http cache @emnapi/core@https://registry.npmjs.org/@emnapi/core/-/core-1.9.1.tgz 0ms (cache hit)
291 silly tarball no local data for @stablelib/base64@https://registry.npmjs.org/@stablelib/base64/-/base64-1.0.1.tgz. Extracting by manifest.
292 silly tarball no local data for fast-sha256@https://registry.npmjs.org/fast-sha256/-/fast-sha256-1.3.0.tgz. Extracting by manifest.
293 silly tarball no local data for std-env@https://registry.npmjs.org/std-env/-/std-env-3.10.0.tgz. Extracting by manifest.
294 silly tarball no local data for js-cookie@https://registry.npmjs.org/js-cookie/-/js-cookie-3.0.5.tgz. Extracting by manifest.
295 silly tarball no local data for dequal@https://registry.npmjs.org/dequal/-/dequal-2.0.3.tgz. Extracting by manifest.
296 silly tarball no local data for @tanstack/query-core@https://registry.npmjs.org/@tanstack/query-core/-/query-core-5.90.16.tgz. Extracting by manifest.
297 silly tarball no local data for glob-to-regexp@https://registry.npmjs.org/glob-to-regexp/-/glob-to-regexp-0.4.1.tgz. Extracting by manifest.
298 silly tarball no local data for server-only@https://registry.npmjs.org/server-only/-/server-only-0.0.1.tgz. Extracting by manifest.
299 silly tarball no local data for standardwebhooks@https://registry.npmjs.org/standardwebhooks/-/standardwebhooks-1.0.0.tgz. Extracting by manifest.
300 silly tarball no local data for @clerk/react@https://registry.npmjs.org/@clerk/react/-/react-6.1.3.tgz. Extracting by manifest.
301 silly tarball no local data for @clerk/shared@https://registry.npmjs.org/@clerk/shared/-/shared-4.3.2.tgz. Extracting by manifest.
302 silly tarball no local data for @clerk/nextjs@https://registry.npmjs.org/@clerk/nextjs/-/nextjs-7.0.7.tgz. Extracting by manifest.
303 silly tarball no local data for @clerk/backend@https://registry.npmjs.org/@clerk/backend/-/backend-3.2.3.tgz. Extracting by manifest.
304 http fetch POST 200 https://registry.npmjs.org/-/npm/v1/security/advisories/bulk 90ms
305 silly audit report {
305 silly audit report   effect: [
305 silly audit report     {
305 silly audit report       id: 1115356,
305 silly audit report       url: 'https://github.com/advisories/GHSA-38f7-945m-qr2g',
305 silly audit report       title: 'Effect `AsyncLocalStorage` context lost/contaminated inside Effect fibers under concurrent load with RPC',
305 silly audit report       severity: 'high',
305 silly audit report       vulnerable_versions: '<3.20.0',
305 silly audit report       cwe: [Array],
305 silly audit report       cvss: [Object]
305 silly audit report     }
305 silly audit report   ]
305 silly audit report }
306 silly packumentCache corgi:https://registry.npmjs.org/effect cache-miss
307 http fetch GET 200 https://registry.npmjs.org/js-cookie/-/js-cookie-3.0.5.tgz 156ms (cache miss)
308 http fetch GET 200 https://registry.npmjs.org/dequal/-/dequal-2.0.3.tgz 180ms (cache miss)
309 http fetch GET 200 https://registry.npmjs.org/server-only/-/server-only-0.0.1.tgz 235ms (cache miss)
310 http fetch GET 200 https://registry.npmjs.org/fast-sha256/-/fast-sha256-1.3.0.tgz 359ms (cache miss)
311 http fetch GET 200 https://registry.npmjs.org/effect 288ms (cache revalidated)
312 silly packumentCache corgi:https://registry.npmjs.org/effect set size:321530 disposed:false
313 silly packumentCache corgi:https://registry.npmjs.org/@prisma%2fconfig cache-miss
314 http fetch GET 200 https://registry.npmjs.org/glob-to-regexp/-/glob-to-regexp-0.4.1.tgz 371ms (cache miss)
315 http fetch GET 200 https://registry.npmjs.org/std-env/-/std-env-3.10.0.tgz 452ms (cache miss)
316 http fetch GET 200 https://registry.npmjs.org/standardwebhooks/-/standardwebhooks-1.0.0.tgz 465ms (cache miss)
317 http fetch GET 200 https://registry.npmjs.org/@stablelib/base64/-/base64-1.0.1.tgz 483ms (cache miss)
318 http fetch GET 200 https://registry.npmjs.org/@prisma%2fconfig 152ms (cache revalidated)
319 silly packumentCache corgi:https://registry.npmjs.org/@prisma%2fconfig set size:1393621 disposed:false
320 silly packumentCache corgi:https://registry.npmjs.org/prisma cache-miss
321 http fetch GET 200 https://registry.npmjs.org/prisma 81ms (cache revalidated)
322 silly packumentCache corgi:https://registry.npmjs.org/prisma set size:22707585 disposed:false
323 silly packumentCache corgi:https://registry.npmjs.org/@prisma%2fclient cache-miss
324 http fetch GET 200 https://registry.npmjs.org/@clerk/react/-/react-6.1.3.tgz 855ms (cache miss)
325 http fetch GET 200 https://registry.npmjs.org/@prisma%2fclient 147ms (cache revalidated)
326 silly packumentCache corgi:https://registry.npmjs.org/@prisma%2fclient set size:37645621 disposed:false
327 http fetch GET 200 https://registry.npmjs.org/@tanstack/query-core/-/query-core-5.90.16.tgz 1490ms (cache miss)
328 http fetch GET 200 https://registry.npmjs.org/@clerk/backend/-/backend-3.2.3.tgz 1507ms (cache miss)
329 http fetch GET 200 https://registry.npmjs.org/@clerk/nextjs/-/nextjs-7.0.7.tgz 1674ms (cache miss)
330 http fetch GET 200 https://registry.npmjs.org/@clerk/shared/-/shared-4.3.2.tgz 1967ms (cache miss)
331 silly ADD node_modules/fast-sha256
332 silly ADD node_modules/@stablelib/base64
333 silly ADD node_modules/std-env
334 silly ADD node_modules/js-cookie
335 silly ADD node_modules/glob-to-regexp
336 silly ADD node_modules/dequal
337 silly ADD node_modules/@tanstack/query-core
338 silly ADD node_modules/standardwebhooks
339 silly ADD node_modules/server-only
340 silly ADD node_modules/@clerk/shared
341 silly ADD node_modules/@clerk/react
342 silly ADD node_modules/@clerk/backend
343 silly ADD node_modules/@clerk/nextjs
344 silly ADD
345 silly ADD
346 silly ADD
347 silly ADD
348 silly ADD
349 silly ADD
350 silly ADD
351 silly ADD
352 silly ADD
353 silly ADD
354 silly ADD
355 silly ADD
356 silly ADD
357 silly ADD
358 silly ADD
359 silly ADD
360 silly ADD
361 silly ADD
362 silly ADD
363 silly ADD
364 silly ADD
365 silly ADD
366 silly ADD
367 silly ADD
368 silly ADD
369 silly ADD
370 silly ADD
371 silly ADD
372 silly ADD
373 silly ADD
374 silly ADD
375 silly ADD
376 silly ADD
377 silly ADD
378 silly ADD
379 silly ADD
380 silly ADD
381 silly ADD
382 silly ADD
383 silly ADD
384 silly ADD
385 silly ADD
386 silly ADD
387 silly ADD
388 silly ADD
389 silly ADD
390 silly ADD
391 silly ADD
392 silly ADD
393 silly ADD
394 silly ADD
395 silly ADD
396 silly ADD
397 silly ADD
398 silly ADD
399 silly ADD
400 silly ADD
401 silly ADD
402 silly ADD
403 silly ADD
404 silly ADD
405 silly ADD
406 silly ADD
407 silly ADD
408 silly ADD
409 silly ADD
410 silly ADD
411 silly ADD
412 silly ADD
413 silly ADD
414 silly ADD
415 silly ADD
416 silly ADD
417 silly ADD
418 silly ADD
419 silly ADD
420 silly ADD
421 silly ADD
422 verbose cwd C:\Users\wisdo\OneDrive\Desktop\codex_projects\BreachLens
423 verbose os Windows_NT 10.0.26200
424 verbose node v22.14.0
425 verbose npm  v10.9.2
426 verbose exit 0
427 info ok
